2023-11-02 23:50:18.963  INFO 71475 --- [main] c.company.project.WalletDappApplication  : Starting WalletDappApplication on linjiahedeMacBook-Pro.local with PID 71475 (/Users/linjiahe/Documents/work/test2/target/classes started by linjiahe in /Users/linjiahe/Documents/work/test2)
2023-11-02 23:50:18.964  INFO 71475 --- [main] c.company.project.WalletDappApplication  : The following profiles are active: local
2023-11-02 23:50:19.009  WARN 71475 --- [background-preinit] o.s.h.c.j.Jackson2ObjectMapperBuilder    : For Jackson Kotlin classes support please add "com.fasterxml.jackson.module:jackson-module-kotlin" to the classpath
2023-11-02 23:50:19.660  INFO 71475 --- [main] .s.d.r.c.RepositoryConfigurationDelegate : Multiple Spring Data modules found, entering strict repository configuration mode!
2023-11-02 23:50:19.662  INFO 71475 --- [main] .s.d.r.c.RepositoryConfigurationDelegate : Bootstrapping Spring Data repositories in DEFAULT mode.
2023-11-02 23:50:19.695  INFO 71475 --- [main] .s.d.r.c.RepositoryConfigurationDelegate : Finished Spring Data repository scanning in 24ms. Found 0 repository interfaces.
2023-11-02 23:50:19.962  INFO 71475 --- [main] trationDelegate$BeanPostProcessorChecker : Bean 'org.springframework.transaction.annotation.ProxyTransactionManagementConfiguration' of type [org.springframework.transaction.annotation.ProxyTransactionManagementConfiguration$$EnhancerBySpringCGLIB$$ab1f7ccd] is not eligible for getting processed by all BeanPostProcessors (for example: not eligible for auto-proxying)
2023-11-02 23:50:20.096  INFO 71475 --- [main] trationDelegate$BeanPostProcessorChecker : Bean 'spring.datasource.dynamic-com.baomidou.dynamic.datasource.spring.boot.autoconfigure.DynamicDataSourceProperties' of type [com.baomidou.dynamic.datasource.spring.boot.autoconfigure.DynamicDataSourceProperties] is not eligible for getting processed by all BeanPostProcessors (for example: not eligible for auto-proxying)
2023-11-02 23:50:20.098  INFO 71475 --- [main] trationDelegate$BeanPostProcessorChecker : Bean 'com.baomidou.dynamic.datasource.spring.boot.autoconfigure.DynamicDataSourceAutoConfiguration' of type [com.baomidou.dynamic.datasource.spring.boot.autoconfigure.DynamicDataSourceAutoConfiguration$$EnhancerBySpringCGLIB$$14aded9e] is not eligible for getting processed by all BeanPostProcessors (for example: not eligible for auto-proxying)
2023-11-02 23:50:20.103  INFO 71475 --- [main] trationDelegate$BeanPostProcessorChecker : Bean 'dsProcessor' of type [com.baomidou.dynamic.datasource.processor.DsHeaderProcessor] is not eligible for getting processed by all BeanPostProcessors (for example: not eligible for auto-proxying)
2023-11-02 23:50:20.107  INFO 71475 --- [main] trationDelegate$BeanPostProcessorChecker : Bean 'dynamicDatasourceAnnotationAdvisor' of type [com.baomidou.dynamic.datasource.aop.DynamicDataSourceAnnotationAdvisor] is not eligible for getting processed by all BeanPostProcessors (for example: not eligible for auto-proxying)
2023-11-02 23:50:20.109  INFO 71475 --- [main] trationDelegate$BeanPostProcessorChecker : Bean 'fileUploadProperties' of type [com.company.project.common.config.FileUploadProperties] is not eligible for getting processed by all BeanPostProcessors (for example: not eligible for auto-proxying)
2023-11-02 23:50:20.110  INFO 71475 --- [main] trationDelegate$BeanPostProcessorChecker : Bean 'shiroConfig' of type [com.company.project.common.shiro.ShiroConfig$$EnhancerBySpringCGLIB$$e7808bf8] is not eligible for getting processed by all BeanPostProcessors (for example: not eligible for auto-proxying)
2023-11-02 23:50:20.169  INFO 71475 --- [main] trationDelegate$BeanPostProcessorChecker : Bean 'customHashedCredentialsMatcher' of type [com.company.project.common.shiro.CustomHashedCredentialsMatcher] is not eligible for getting processed by all BeanPostProcessors (for example: not eligible for auto-proxying)
2023-11-02 23:50:20.185  INFO 71475 --- [main] trationDelegate$BeanPostProcessorChecker : Bean 'customRealm' of type [com.company.project.common.shiro.CustomRealm] is not eligible for getting processed by all BeanPostProcessors (for example: not eligible for auto-proxying)
2023-11-02 23:50:20.194  INFO 71475 --- [main] trationDelegate$BeanPostProcessorChecker : Bean 'securityManager' of type [org.apache.shiro.web.mgt.DefaultWebSecurityManager] is not eligible for getting processed by all BeanPostProcessors (for example: not eligible for auto-proxying)
2023-11-02 23:50:20.206  INFO 71475 --- [main] trationDelegate$BeanPostProcessorChecker : Bean 'authorizationAttributeSourceAdvisor' of type [org.apache.shiro.spring.security.interceptor.AuthorizationAttributeSourceAdvisor] is not eligible for getting processed by all BeanPostProcessors (for example: not eligible for auto-proxying)
2023-11-02 23:50:20.403  INFO 71475 --- [main] o.s.b.w.embedded.tomcat.TomcatWebServer  : Tomcat initialized with port(s): 17081 (http)
2023-11-02 23:50:20.417  INFO 71475 --- [main] o.apache.catalina.core.StandardService   : Starting service [Tomcat]
2023-11-02 23:50:20.417  INFO 71475 --- [main] org.apache.catalina.core.StandardEngine  : Starting Servlet engine: [Apache Tomcat/9.0.21]
2023-11-02 23:50:20.483  INFO 71475 --- [main] o.a.c.c.C.[Tomcat].[localhost].[/]       : Initializing Spring embedded WebApplicationContext
2023-11-02 23:50:20.484  INFO 71475 --- [main] o.s.web.context.ContextLoader            : Root WebApplicationContext: initialization completed in 1472 ms
2023-11-02 23:50:20.632  INFO 71475 --- [main] c.b.d.d.DynamicDataSourceCreator         : 动态数据源-检测到druid存在,如配置中未指定type,druid会默认配置
2023-11-02 23:50:20.715  INFO 71475 --- [main] com.alibaba.druid.pool.DruidDataSource   : {dataSource-1,master} inited
2023-11-02 23:50:20.716  WARN 71475 --- [main] c.a.druid.pool.DruidAbstractDataSource   : oracle.jdbc.driver.OracleDriver is deprecated.Having use oracle.jdbc.OracleDriver.
2023-11-02 23:50:20.719  INFO 71475 --- [main] com.alibaba.druid.pool.DruidDataSource   : {dataSource-2,oracle} inited
2023-11-02 23:50:20.720  INFO 71475 --- [main] com.alibaba.druid.pool.DruidDataSource   : {dataSource-3,sqlServer} inited
2023-11-02 23:50:20.720  INFO 71475 --- [main] c.b.d.d.DynamicRoutingDataSource         : 初始共加载 3 个数据源
2023-11-02 23:50:20.720  INFO 71475 --- [main] c.b.d.d.DynamicRoutingDataSource         : 动态数据源-加载 master 成功
2023-11-02 23:50:20.720  INFO 71475 --- [main] c.b.d.d.DynamicRoutingDataSource         : 动态数据源-加载 oracle 成功
2023-11-02 23:50:20.720  INFO 71475 --- [main] c.b.d.d.DynamicRoutingDataSource         : 动态数据源-加载 sqlServer 成功
2023-11-02 23:50:20.720  INFO 71475 --- [main] c.b.d.d.DynamicRoutingDataSource         : 当前的默认数据源是单数据源，数据源名为 master
2023-11-02 23:50:21.168  INFO 71475 --- [main] o.s.s.concurrent.ThreadPoolTaskExecutor  : Initializing ExecutorService 'clientInboundChannelExecutor'
2023-11-02 23:50:21.180  INFO 71475 --- [main] o.s.s.concurrent.ThreadPoolTaskExecutor  : Initializing ExecutorService 'clientOutboundChannelExecutor'
2023-11-02 23:50:25.042  INFO 71475 --- [main] org.quartz.impl.StdSchedulerFactory      : Using default implementation for ThreadExecutor
2023-11-02 23:50:25.049  INFO 71475 --- [main] org.quartz.core.SchedulerSignalerImpl    : Initialized Scheduler Signaller of type: class org.quartz.core.SchedulerSignalerImpl
2023-11-02 23:50:25.049  INFO 71475 --- [main] org.quartz.core.QuartzScheduler          : Quartz Scheduler v.2.3.2 created.
2023-11-02 23:50:25.050  INFO 71475 --- [main] org.quartz.simpl.RAMJobStore             : RAMJobStore initialized.
2023-11-02 23:50:25.050  INFO 71475 --- [main] org.quartz.core.QuartzScheduler          : Scheduler meta-data: Quartz Scheduler (v2.3.2) 'quartzScheduler' with instanceId 'NON_CLUSTERED'
  Scheduler class: 'org.quartz.core.QuartzScheduler' - running locally.
  NOT STARTED.
  Currently in standby mode.
  Number of jobs executed: 0
  Using thread pool 'org.quartz.simpl.SimpleThreadPool' - with 10 threads.
  Using job-store 'org.quartz.simpl.RAMJobStore' - which does not support persistence. and is not clustered.

2023-11-02 23:50:25.050  INFO 71475 --- [main] org.quartz.impl.StdSchedulerFactory      : Quartz scheduler 'quartzScheduler' initialized from an externally provided properties instance.
2023-11-02 23:50:25.050  INFO 71475 --- [main] org.quartz.impl.StdSchedulerFactory      : Quartz scheduler version: 2.3.2
2023-11-02 23:50:25.050  INFO 71475 --- [main] org.quartz.core.QuartzScheduler          : JobFactory set to: org.springframework.scheduling.quartz.SpringBeanJobFactory@63cf578f
2023-11-02 23:50:26.162  INFO 71475 --- [main] pertySourcedRequestMappingHandlerMapping : Mapped URL path [/v2/api-docs] onto method [public org.springframework.http.ResponseEntity<springfox.documentation.spring.web.json.Json> springfox.documentation.swagger2.web.Swagger2Controller.getDocumentation(java.lang.String,javax.servlet.http.HttpServletRequest)]
2023-11-02 23:50:26.380  INFO 71475 --- [main] o.s.s.c.ThreadPoolTaskScheduler          : Initializing ExecutorService 'messageBrokerTaskScheduler'
2023-11-02 23:50:26.417  INFO 71475 --- [main] o.s.s.concurrent.ThreadPoolTaskExecutor  : Initializing ExecutorService 'brokerChannelExecutor'
2023-11-02 23:50:26.889  INFO 71475 --- [main] o.w.s.a.Web3jAutoConfiguration           : Building service for endpoint: null
2023-11-02 23:50:26.976  INFO 71475 --- [main] d.s.w.p.DocumentationPluginsBootstrapper : Context refreshed
2023-11-02 23:50:26.987  INFO 71475 --- [main] d.s.w.p.DocumentationPluginsBootstrapper : Found 1 custom documentation plugin(s)
2023-11-02 23:50:27.013  INFO 71475 --- [main] s.d.s.w.s.ApiListingReferenceScanner     : Scanning for api listing references
2023-11-02 23:50:27.111  INFO 71475 --- [main] .d.s.w.r.o.CachingOperationNameGenerator : Generating unique operation named: addUsingPOST_1
2023-11-02 23:50:27.113  INFO 71475 --- [main] .d.s.w.r.o.CachingOperationNameGenerator : Generating unique operation named: detailUsingPOST_1
2023-11-02 23:50:27.120  INFO 71475 --- [main] .d.s.w.r.o.CachingOperationNameGenerator : Generating unique operation named: findAllUsingPOST_1
2023-11-02 23:50:27.123  INFO 71475 --- [main] .d.s.w.r.o.CachingOperationNameGenerator : Generating unique operation named: pageInfoUsingPOST_1
2023-11-02 23:50:27.126  INFO 71475 --- [main] .d.s.w.r.o.CachingOperationNameGenerator : Generating unique operation named: updateUsingPOST_1
2023-11-02 23:50:27.127  INFO 71475 --- [main] .d.s.w.r.o.CachingOperationNameGenerator : Generating unique operation named: userAddUsingPOST_1
2023-11-02 23:50:27.127  INFO 71475 --- [main] .d.s.w.r.o.CachingOperationNameGenerator : Generating unique operation named: userAddUsingPOST_2
2023-11-02 23:50:27.130  INFO 71475 --- [main] .d.s.w.r.o.CachingOperationNameGenerator : Generating unique operation named: userPageInfoUsingPOST_1
2023-11-02 23:50:27.130  INFO 71475 --- [main] .d.s.w.r.o.CachingOperationNameGenerator : Generating unique operation named: userPageInfoUsingPOST_2
2023-11-02 23:50:27.131  INFO 71475 --- [main] .d.s.w.r.o.CachingOperationNameGenerator : Generating unique operation named: userUpdateUsingPOST_1
2023-11-02 23:50:27.132  INFO 71475 --- [main] .d.s.w.r.o.CachingOperationNameGenerator : Generating unique operation named: userUpdateUsingPOST_2
2023-11-02 23:50:27.133  INFO 71475 --- [main] .d.s.w.r.o.CachingOperationNameGenerator : Generating unique operation named: pageInfoUsingPOST_2
2023-11-02 23:50:27.133  INFO 71475 --- [main] .d.s.w.r.o.CachingOperationNameGenerator : Generating unique operation named: updateUsingPOST_2
2023-11-02 23:50:27.154  INFO 71475 --- [main] .d.s.w.r.o.CachingOperationNameGenerator : Generating unique operation named: addUsingPOST_2
2023-11-02 23:50:27.156  INFO 71475 --- [main] .d.s.w.r.o.CachingOperationNameGenerator : Generating unique operation named: pageInfoUsingPOST_3
2023-11-02 23:50:27.157  INFO 71475 --- [main] .d.s.w.r.o.CachingOperationNameGenerator : Generating unique operation named: updateUsingPOST_3
2023-11-02 23:50:27.159  INFO 71475 --- [main] .d.s.w.r.o.CachingOperationNameGenerator : Generating unique operation named: addUsingPOST_3
2023-11-02 23:50:27.169  INFO 71475 --- [main] .d.s.w.r.o.CachingOperationNameGenerator : Generating unique operation named: findAllUsingPOST_2
2023-11-02 23:50:27.169  INFO 71475 --- [main] .d.s.w.r.o.CachingOperationNameGenerator : Generating unique operation named: pageInfoUsingPOST_4
2023-11-02 23:50:27.170  INFO 71475 --- [main] .d.s.w.r.o.CachingOperationNameGenerator : Generating unique operation named: updateUsingPOST_4
2023-11-02 23:50:27.174  INFO 71475 --- [main] .d.s.w.r.o.CachingOperationNameGenerator : Generating unique operation named: deletedUsingDELETE_1
2023-11-02 23:50:27.175  INFO 71475 --- [main] .d.s.w.r.o.CachingOperationNameGenerator : Generating unique operation named: detailInfoUsingGET_1
2023-11-02 23:50:27.185  INFO 71475 --- [main] .d.s.w.r.o.CachingOperationNameGenerator : Generating unique operation named: deletedUsingDELETE_2
2023-11-02 23:50:27.185  INFO 71475 --- [main] .d.s.w.r.o.CachingOperationNameGenerator : Generating unique operation named: detailInfoUsingGET_2
2023-11-02 23:50:27.186  INFO 71475 --- [main] .d.s.w.r.o.CachingOperationNameGenerator : Generating unique operation named: pageInfoUsingPOST_5
2023-11-02 23:50:27.186  INFO 71475 --- [main] .d.s.w.r.o.CachingOperationNameGenerator : Generating unique operation named: updateDeptUsingPUT_1
2023-11-02 23:50:27.190  INFO 71475 --- [main] .d.s.w.r.o.CachingOperationNameGenerator : Generating unique operation named: addUsingPOST_4
2023-11-02 23:50:27.199  INFO 71475 --- [main] .d.s.w.r.o.CachingOperationNameGenerator : Generating unique operation named: addUsingPOST_5
2023-11-02 23:50:27.204  INFO 71475 --- [main] .d.s.w.r.o.CachingOperationNameGenerator : Generating unique operation named: addUsingPOST_6
2023-11-02 23:50:27.204  INFO 71475 --- [main] .d.s.w.r.o.CachingOperationNameGenerator : Generating unique operation named: deleteUsingDELETE_1
2023-11-02 23:50:27.205  INFO 71475 --- [main] .d.s.w.r.o.CachingOperationNameGenerator : Generating unique operation named: findListByPageUsingPOST_1
2023-11-02 23:50:27.206  INFO 71475 --- [main] .d.s.w.r.o.CachingOperationNameGenerator : Generating unique operation named: updateUsingPUT_1
2023-11-02 23:50:27.207  INFO 71475 --- [main] .d.s.w.r.o.CachingOperationNameGenerator : Generating unique operation named: addUsingPOST_7
2023-11-02 23:50:27.208  INFO 71475 --- [main] .d.s.w.r.o.CachingOperationNameGenerator : Generating unique operation named: deleteUsingDELETE_2
2023-11-02 23:50:27.208  INFO 71475 --- [main] .d.s.w.r.o.CachingOperationNameGenerator : Generating unique operation named: findListByPageUsingPOST_2
2023-11-02 23:50:27.209  INFO 71475 --- [main] .d.s.w.r.o.CachingOperationNameGenerator : Generating unique operation named: updateUsingPUT_2
2023-11-02 23:50:27.210  INFO 71475 --- [main] .d.s.w.r.o.CachingOperationNameGenerator : Generating unique operation named: addUsingPOST_8
2023-11-02 23:50:27.211  INFO 71475 --- [main] .d.s.w.r.o.CachingOperationNameGenerator : Generating unique operation named: deleteUsingDELETE_3
2023-11-02 23:50:27.212  INFO 71475 --- [main] .d.s.w.r.o.CachingOperationNameGenerator : Generating unique operation named: findListByPageUsingPOST_3
2023-11-02 23:50:27.214  INFO 71475 --- [main] .d.s.w.r.o.CachingOperationNameGenerator : Generating unique operation named: findListByPageUsingPOST_4
2023-11-02 23:50:27.216  INFO 71475 --- [main] .d.s.w.r.o.CachingOperationNameGenerator : Generating unique operation named: addUsingPOST_9
2023-11-02 23:50:27.216  INFO 71475 --- [main] .d.s.w.r.o.CachingOperationNameGenerator : Generating unique operation named: deleteUsingDELETE_4
2023-11-02 23:50:27.217  INFO 71475 --- [main] .d.s.w.r.o.CachingOperationNameGenerator : Generating unique operation named: findListByPageUsingPOST_5
2023-11-02 23:50:27.219  INFO 71475 --- [main] .d.s.w.r.o.CachingOperationNameGenerator : Generating unique operation named: updateUsingPUT_3
2023-11-02 23:50:27.220  INFO 71475 --- [main] .d.s.w.r.o.CachingOperationNameGenerator : Generating unique operation named: deleteUsingDELETE_5
2023-11-02 23:50:27.222  INFO 71475 --- [main] .d.s.w.r.o.CachingOperationNameGenerator : Generating unique operation named: findListByPageUsingPOST_6
2023-11-02 23:50:27.222  INFO 71475 --- [main] .d.s.w.r.o.CachingOperationNameGenerator : Generating unique operation named: deletedUsingDELETE_3
2023-11-02 23:50:27.224  INFO 71475 --- [main] .d.s.w.r.o.CachingOperationNameGenerator : Generating unique operation named: pageInfoUsingPOST_6
2023-11-02 23:50:27.225  INFO 71475 --- [main] .d.s.w.r.o.CachingOperationNameGenerator : Generating unique operation named: systemInfoUsingGET_1
2023-11-02 23:50:27.229  INFO 71475 --- [main] .d.s.w.r.o.CachingOperationNameGenerator : Generating unique operation named: detailInfoUsingGET_3
2023-11-02 23:50:27.232  INFO 71475 --- [main] .d.s.w.r.o.CachingOperationNameGenerator : Generating unique operation named: logoutUsingGET_1
2023-11-02 23:50:27.232  INFO 71475 --- [main] .d.s.w.r.o.CachingOperationNameGenerator : Generating unique operation named: pageInfoUsingPOST_7
2023-11-02 23:50:27.240  INFO 71475 --- [main] .d.s.w.r.o.CachingOperationNameGenerator : Generating unique operation named: pageInfoUsingPOST_8
2023-11-02 23:50:27.244  INFO 71475 --- [main] .d.s.w.r.o.CachingOperationNameGenerator : Generating unique operation named: pageInfoUsingPOST_9
2023-11-02 23:50:27.248  INFO 71475 --- [main] .d.s.w.r.o.CachingOperationNameGenerator : Generating unique operation named: userPageInfoUsingPOST_3
2023-11-02 23:50:27.251  INFO 71475 --- [main] .d.s.w.r.o.CachingOperationNameGenerator : Generating unique operation named: userUpdateUsingPOST_3
2023-11-02 23:50:27.260  INFO 71475 --- [main] .d.s.w.r.o.CachingOperationNameGenerator : Generating unique operation named: addUsingPOST_10
2023-11-02 23:50:27.264  INFO 71475 --- [main] .d.s.w.r.o.CachingOperationNameGenerator : Generating unique operation named: detailUsingPOST_2
2023-11-02 23:50:27.271  INFO 71475 --- [main] .d.s.w.r.o.CachingOperationNameGenerator : Generating unique operation named: loginUsingPOST_1
2023-11-02 23:50:27.274  INFO 71475 --- [main] .d.s.w.r.o.CachingOperationNameGenerator : Generating unique operation named: pageInfoUsingPOST_10
2023-11-02 23:50:27.274  INFO 71475 --- [main] .d.s.w.r.o.CachingOperationNameGenerator : Generating unique operation named: pageInfoExportUsingPOST_1
2023-11-02 23:50:27.284  INFO 71475 --- [main] .d.s.w.r.o.CachingOperationNameGenerator : Generating unique operation named: updateUsingPOST_5
2023-11-02 23:50:27.286  INFO 71475 --- [main] .d.s.w.r.o.CachingOperationNameGenerator : Generating unique operation named: withdrawUsingPOST_1
2023-11-02 23:50:27.291  INFO 71475 --- [main] .d.s.w.r.o.CachingOperationNameGenerator : Generating unique operation named: pageInfoUsingPOST_11
2023-11-02 23:50:27.292  INFO 71475 --- [main] .d.s.w.r.o.CachingOperationNameGenerator : Generating unique operation named: pageInfoAdminUsingPOST_1
2023-11-02 23:50:27.294  INFO 71475 --- [main] .d.s.w.r.o.CachingOperationNameGenerator : Generating unique operation named: detailUsingPOST_3
2023-11-02 23:50:27.296  INFO 71475 --- [main] .d.s.w.r.o.CachingOperationNameGenerator : Generating unique operation named: findAllUsingPOST_3
2023-11-02 23:50:27.299  INFO 71475 --- [main] .d.s.w.r.o.CachingOperationNameGenerator : Generating unique operation named: userAddUsingPOST_3
2023-11-02 23:50:27.299  INFO 71475 --- [main] .d.s.w.r.o.CachingOperationNameGenerator : Generating unique operation named: userPageInfoUsingPOST_4
2023-11-02 23:50:27.300  INFO 71475 --- [main] .d.s.w.r.o.CachingOperationNameGenerator : Generating unique operation named: userUpdateUsingPOST_4
2023-11-02 23:50:27.302  INFO 71475 --- [main] .d.s.w.r.o.CachingOperationNameGenerator : Generating unique operation named: VersionUsingPOST_1
2023-11-02 23:50:27.303  INFO 71475 --- [main] .d.s.w.r.o.CachingOperationNameGenerator : Generating unique operation named: VersionAddUsingPOST_1
2023-11-02 23:50:27.303  INFO 71475 --- [main] .d.s.w.r.o.CachingOperationNameGenerator : Generating unique operation named: addUsingPOST_11
2023-11-02 23:50:27.304  INFO 71475 --- [main] .d.s.w.r.o.CachingOperationNameGenerator : Generating unique operation named: pageInfoUsingPOST_12
2023-11-02 23:50:27.305  INFO 71475 --- [main] .d.s.w.r.o.CachingOperationNameGenerator : Generating unique operation named: rechargePageInfoUsingPOST_1
2023-11-02 23:50:27.307  INFO 71475 --- [main] .d.s.w.r.o.CachingOperationNameGenerator : Generating unique operation named: addUsingPOST_12
2023-11-02 23:50:27.307  INFO 71475 --- [main] .d.s.w.r.o.CachingOperationNameGenerator : Generating unique operation named: pageInfoUsingPOST_13
2023-11-02 23:50:27.308  INFO 71475 --- [main] .d.s.w.r.o.CachingOperationNameGenerator : Generating unique operation named: pageInfoAdminUsingPOST_2
2023-11-02 23:50:27.308  INFO 71475 --- [main] .d.s.w.r.o.CachingOperationNameGenerator : Generating unique operation named: updateStatusNoPasssUsingGET_1
2023-11-02 23:50:27.309  INFO 71475 --- [main] .d.s.w.r.o.CachingOperationNameGenerator : Generating unique operation named: updateStatusPasssUsingGET_1
2023-11-02 23:50:27.309  INFO 71475 --- [main] .d.s.w.r.o.CachingOperationNameGenerator : Generating unique operation named: pageInfoUsingPOST_14
2023-11-02 23:50:27.317  INFO 71475 --- [main] o.s.m.s.b.SimpleBrokerMessageHandler     : Starting...
2023-11-02 23:50:27.317  INFO 71475 --- [main] o.s.m.s.b.SimpleBrokerMessageHandler     : BrokerAvailabilityEvent[available=true, SimpleBrokerMessageHandler [DefaultSubscriptionRegistry[cache[0 destination(s)], registry[0 sessions]]]]
2023-11-02 23:50:27.318  INFO 71475 --- [main] o.s.m.s.b.SimpleBrokerMessageHandler     : Started.
2023-11-02 23:50:27.318  INFO 71475 --- [main] o.s.s.quartz.SchedulerFactoryBean        : Starting Quartz Scheduler now
2023-11-02 23:50:27.318  INFO 71475 --- [main] org.quartz.core.QuartzScheduler          : Scheduler quartzScheduler_$_NON_CLUSTERED started.
2023-11-02 23:50:27.347  INFO 71475 --- [main] o.s.b.w.embedded.tomcat.TomcatWebServer  : Tomcat started on port(s): 17081 (http) with context path ''
2023-11-02 23:50:27.349  INFO 71475 --- [main] c.company.project.WalletDappApplication  : Started WalletDappApplication in 8.693 seconds (JVM running for 9.025)
2023-11-02 23:50:27.352  INFO 71475 --- [main] c.company.project.WalletDappApplication  : 
----------------------------------------------------------
	Application 'scaffolding_admin' is running! Access URLs:
	Login: 	http://127.0.0.1:17081/login
	Doc: 	http://127.0.0.1:17081/doc.html
----------------------------------------------------------
2023-11-02 23:50:28.912  INFO 71475 --- [http-nio-17081-exec-1] o.a.c.c.C.[Tomcat].[localhost].[/]       : Initializing Spring DispatcherServlet 'dispatcherServlet'
2023-11-02 23:50:28.912  INFO 71475 --- [http-nio-17081-exec-1] o.s.web.servlet.DispatcherServlet        : Initializing Servlet 'dispatcherServlet'
2023-11-02 23:50:28.920  INFO 71475 --- [http-nio-17081-exec-1] o.s.web.servlet.DispatcherServlet        : Completed initialization in 8 ms
2023-11-02 23:50:28.932  INFO 71475 --- [http-nio-17081-exec-1] c.c.p.c.shiro.CustomAccessControlFilter  : GET
2023-11-02 23:50:28.933  INFO 71475 --- [http-nio-17081-exec-1] c.c.p.c.shiro.CustomAccessControlFilter  : http://localhost:17081/
2023-11-02 23:50:34.787 ERROR 71475 --- [http-nio-17081-exec-4] c.c.p.c.e.handler.RestExceptionHandler   : Exception,exception:{}

com.company.project.common.exception.BusinessException: 用户名或密码错误
	at com.company.project.service.impl.UserServiceImpl.login(UserServiceImpl.java:94)
	at com.company.project.service.impl.UserServiceImpl$$FastClassBySpringCGLIB$$e529028.invoke(<generated>)
	at org.springframework.cglib.proxy.MethodProxy.invoke(MethodProxy.java:218)
	at org.springframework.aop.framework.CglibAopProxy$DynamicAdvisedInterceptor.intercept(CglibAopProxy.java:684)
	at com.company.project.service.impl.UserServiceImpl$$EnhancerBySpringCGLIB$$1ea85e4d.login(<generated>)
	at com.company.project.controller.UserController.login(UserController.java:56)
	at com.company.project.controller.UserController$$FastClassBySpringCGLIB$$d1295286.invoke(<generated>)
	at org.springframework.cglib.proxy.MethodProxy.invoke(MethodProxy.java:218)
	at org.springframework.aop.framework.CglibAopProxy$CglibMethodInvocation.invokeJoinpoint(CglibAopProxy.java:749)
	at org.springframework.aop.framework.ReflectiveMethodInvocation.proceed(ReflectiveMethodInvocation.java:163)
	at org.springframework.aop.interceptor.ExposeInvocationInterceptor.invoke(ExposeInvocationInterceptor.java:93)
	at org.springframework.aop.framework.ReflectiveMethodInvocation.proceed(ReflectiveMethodInvocation.java:186)
	at org.springframework.aop.framework.CglibAopProxy$DynamicAdvisedInterceptor.intercept(CglibAopProxy.java:688)
	at com.company.project.controller.UserController$$EnhancerBySpringCGLIB$$2f1743.login(<generated>)
	at sun.reflect.NativeMethodAccessorImpl.invoke0(Native Method)
	at sun.reflect.NativeMethodAccessorImpl.invoke(NativeMethodAccessorImpl.java:62)
	at sun.reflect.DelegatingMethodAccessorImpl.invoke(DelegatingMethodAccessorImpl.java:43)
	at java.lang.reflect.Method.invoke(Method.java:498)
	at org.springframework.web.method.support.InvocableHandlerMethod.doInvoke(InvocableHandlerMethod.java:190)
	at org.springframework.web.method.support.InvocableHandlerMethod.invokeForRequest(InvocableHandlerMethod.java:138)
	at org.springframework.web.servlet.mvc.method.annotation.ServletInvocableHandlerMethod.invokeAndHandle(ServletInvocableHandlerMethod.java:104)
	at org.springframework.web.servlet.mvc.method.annotation.RequestMappingHandlerAdapter.invokeHandlerMethod(RequestMappingHandlerAdapter.java:892)
	at org.springframework.web.servlet.mvc.method.annotation.RequestMappingHandlerAdapter.handleInternal(RequestMappingHandlerAdapter.java:797)
	at org.springframework.web.servlet.mvc.method.AbstractHandlerMethodAdapter.handle(AbstractHandlerMethodAdapter.java:87)
	at org.springframework.web.servlet.DispatcherServlet.doDispatch(DispatcherServlet.java:1039)
	at org.springframework.web.servlet.DispatcherServlet.doService(DispatcherServlet.java:942)
	at org.springframework.web.servlet.FrameworkServlet.processRequest(FrameworkServlet.java:1005)
	at org.springframework.web.servlet.FrameworkServlet.doPost(FrameworkServlet.java:908)
	at javax.servlet.http.HttpServlet.service(HttpServlet.java:660)
	at org.springframework.web.servlet.FrameworkServlet.service(FrameworkServlet.java:882)
	at javax.servlet.http.HttpServlet.service(HttpServlet.java:741)
	at org.apache.catalina.core.ApplicationFilterChain.internalDoFilter(ApplicationFilterChain.java:231)
	at org.apache.catalina.core.ApplicationFilterChain.doFilter(ApplicationFilterChain.java:166)
	at org.apache.tomcat.websocket.server.WsFilter.doFilter(WsFilter.java:53)
	at org.apache.catalina.core.ApplicationFilterChain.internalDoFilter(ApplicationFilterChain.java:193)
	at org.apache.catalina.core.ApplicationFilterChain.doFilter(ApplicationFilterChain.java:166)
	at org.apache.shiro.web.servlet.ProxiedFilterChain.doFilter(ProxiedFilterChain.java:61)
	at org.apache.shiro.web.servlet.AdviceFilter.executeChain(AdviceFilter.java:108)
	at org.apache.shiro.web.servlet.AdviceFilter.doFilterInternal(AdviceFilter.java:137)
	at org.apache.shiro.web.servlet.OncePerRequestFilter.doFilter(OncePerRequestFilter.java:125)
	at org.apache.shiro.web.servlet.ProxiedFilterChain.doFilter(ProxiedFilterChain.java:66)
	at org.apache.shiro.web.servlet.AbstractShiroFilter.executeChain(AbstractShiroFilter.java:449)
	at org.apache.shiro.web.servlet.AbstractShiroFilter$1.call(AbstractShiroFilter.java:365)
	at org.apache.shiro.subject.support.SubjectCallable.doCall(SubjectCallable.java:90)
	at org.apache.shiro.subject.support.SubjectCallable.call(SubjectCallable.java:83)
	at org.apache.shiro.subject.support.DelegatingSubject.execute(DelegatingSubject.java:387)
	at org.apache.shiro.web.servlet.AbstractShiroFilter.doFilterInternal(AbstractShiroFilter.java:362)
	at org.apache.shiro.web.servlet.OncePerRequestFilter.doFilter(OncePerRequestFilter.java:125)
	at org.apache.catalina.core.ApplicationFilterChain.internalDoFilter(ApplicationFilterChain.java:193)
	at org.apache.catalina.core.ApplicationFilterChain.doFilter(ApplicationFilterChain.java:166)
	at com.github.xiaoymin.knife4j.spring.filter.ProductionSecurityFilter.doFilter(ProductionSecurityFilter.java:53)
	at org.apache.catalina.core.ApplicationFilterChain.internalDoFilter(ApplicationFilterChain.java:193)
	at org.apache.catalina.core.ApplicationFilterChain.doFilter(ApplicationFilterChain.java:166)
	at com.github.xiaoymin.knife4j.spring.filter.SecurityBasicAuthFilter.doFilter(SecurityBasicAuthFilter.java:90)
	at org.apache.catalina.core.ApplicationFilterChain.internalDoFilter(ApplicationFilterChain.java:193)
	at org.apache.catalina.core.ApplicationFilterChain.doFilter(ApplicationFilterChain.java:166)
	at com.alibaba.druid.support.http.WebStatFilter.doFilter(WebStatFilter.java:123)
	at org.apache.catalina.core.ApplicationFilterChain.internalDoFilter(ApplicationFilterChain.java:193)
	at org.apache.catalina.core.ApplicationFilterChain.doFilter(ApplicationFilterChain.java:166)
	at org.springframework.web.filter.CharacterEncodingFilter.doFilterInternal(CharacterEncodingFilter.java:200)
	at org.springframework.web.filter.OncePerRequestFilter.doFilter(OncePerRequestFilter.java:109)
	at org.apache.catalina.core.ApplicationFilterChain.internalDoFilter(ApplicationFilterChain.java:193)
	at org.apache.catalina.core.ApplicationFilterChain.doFilter(ApplicationFilterChain.java:166)
	at org.apache.catalina.core.StandardWrapperValve.invoke(StandardWrapperValve.java:202)
	at org.apache.catalina.core.StandardContextValve.invoke(StandardContextValve.java:96)
	at org.apache.catalina.authenticator.AuthenticatorBase.invoke(AuthenticatorBase.java:490)
	at org.apache.catalina.core.StandardHostValve.invoke(StandardHostValve.java:139)
	at org.apache.catalina.valves.ErrorReportValve.invoke(ErrorReportValve.java:92)
	at org.apache.catalina.core.StandardEngineValve.invoke(StandardEngineValve.java:74)
	at org.apache.catalina.connector.CoyoteAdapter.service(CoyoteAdapter.java:343)
	at org.apache.coyote.http11.Http11Processor.service(Http11Processor.java:408)
	at org.apache.coyote.AbstractProcessorLight.process(AbstractProcessorLight.java:66)
	at org.apache.coyote.AbstractProtocol$ConnectionHandler.process(AbstractProtocol.java:853)
	at org.apache.tomcat.util.net.NioEndpoint$SocketProcessor.doRun(NioEndpoint.java:1587)
	at org.apache.tomcat.util.net.SocketProcessorBase.run(SocketProcessorBase.java:49)
	at java.util.concurrent.ThreadPoolExecutor.runWorker(ThreadPoolExecutor.java:1149)
	at java.util.concurrent.ThreadPoolExecutor$Worker.run(ThreadPoolExecutor.java:624)
	at org.apache.tomcat.util.threads.TaskThread$WrappingRunnable.run(TaskThread.java:61)
	at java.lang.Thread.run(Thread.java:750)

2023-11-02 23:50:56.219  INFO 71475 --- [http-nio-17081-exec-5] io.lettuce.core.EpollProvider            : Starting without optional epoll library
2023-11-02 23:50:56.220  INFO 71475 --- [http-nio-17081-exec-5] io.lettuce.core.KqueueProvider           : Starting without optional kqueue library
2023-11-02 23:50:57.894  INFO 71475 --- [http-nio-17081-exec-5] c.c.p.c.shiro.CustomAccessControlFilter  : GET
2023-11-02 23:50:57.894  INFO 71475 --- [http-nio-17081-exec-5] c.c.p.c.shiro.CustomAccessControlFilter  : http://localhost:17081/sys/home/
2023-11-02 23:50:59.272 ERROR 71475 --- [Druid-ConnectionPool-Create-997770883] com.alibaba.druid.pool.DruidDataSource   : create connection SQLException, url: jdbc:mysql://123.176.98.69:3306/dapp_local?useUnicode=true&useSSL=false&characterEncoding=utf8&serverTimezone=GMT%2b8, errorCode 0, state 08S01

com.mysql.cj.jdbc.exceptions.CommunicationsException: Communications link failure

The last packet sent successfully to the server was 0 milliseconds ago. The driver has not received any packets from the server.
	at com.mysql.cj.jdbc.exceptions.SQLError.createCommunicationsException(SQLError.java:174)
	at com.mysql.cj.jdbc.exceptions.SQLExceptionsMapping.translateException(SQLExceptionsMapping.java:64)
	at com.mysql.cj.jdbc.ConnectionImpl.createNewIO(ConnectionImpl.java:835)
	at com.mysql.cj.jdbc.ConnectionImpl.<init>(ConnectionImpl.java:455)
	at com.mysql.cj.jdbc.ConnectionImpl.getInstance(ConnectionImpl.java:240)
	at com.mysql.cj.jdbc.NonRegisteringDriver.connect(NonRegisteringDriver.java:199)
	at com.alibaba.druid.filter.FilterChainImpl.connection_connect(FilterChainImpl.java:156)
	at com.alibaba.druid.filter.FilterAdapter.connection_connect(FilterAdapter.java:786)
	at com.alibaba.druid.filter.FilterChainImpl.connection_connect(FilterChainImpl.java:150)
	at com.alibaba.druid.filter.stat.StatFilter.connection_connect(StatFilter.java:218)
	at com.alibaba.druid.filter.FilterChainImpl.connection_connect(FilterChainImpl.java:150)
	at com.alibaba.druid.pool.DruidAbstractDataSource.createPhysicalConnection(DruidAbstractDataSource.java:1560)
	at com.alibaba.druid.pool.DruidAbstractDataSource.createPhysicalConnection(DruidAbstractDataSource.java:1623)
	at com.alibaba.druid.pool.DruidDataSource$CreateConnectionThread.run(DruidDataSource.java:2468)
Caused by: com.mysql.cj.exceptions.CJCommunicationsException: Communications link failure

The last packet sent successfully to the server was 0 milliseconds ago. The driver has not received any packets from the server.
	at sun.reflect.NativeConstructorAccessorImpl.newInstance0(Native Method)
	at sun.reflect.NativeConstructorAccessorImpl.newInstance(NativeConstructorAccessorImpl.java:62)
	at sun.reflect.DelegatingConstructorAccessorImpl.newInstance(DelegatingConstructorAccessorImpl.java:45)
	at java.lang.reflect.Constructor.newInstance(Constructor.java:423)
	at com.mysql.cj.exceptions.ExceptionFactory.createException(ExceptionFactory.java:61)
	at com.mysql.cj.exceptions.ExceptionFactory.createException(ExceptionFactory.java:105)
	at com.mysql.cj.exceptions.ExceptionFactory.createException(ExceptionFactory.java:151)
	at com.mysql.cj.exceptions.ExceptionFactory.createCommunicationsException(ExceptionFactory.java:167)
	at com.mysql.cj.protocol.a.NativeProtocol.readMessage(NativeProtocol.java:562)
	at com.mysql.cj.protocol.a.NativeProtocol.readServerCapabilities(NativeProtocol.java:514)
	at com.mysql.cj.protocol.a.NativeProtocol.beforeHandshake(NativeProtocol.java:404)
	at com.mysql.cj.protocol.a.NativeProtocol.connect(NativeProtocol.java:1450)
	at com.mysql.cj.NativeSession.connect(NativeSession.java:165)
	at com.mysql.cj.jdbc.ConnectionImpl.connectOneTryOnly(ConnectionImpl.java:955)
	at com.mysql.cj.jdbc.ConnectionImpl.createNewIO(ConnectionImpl.java:825)
	... 11 common frames omitted
Caused by: java.io.EOFException: Can not read response from server. Expected to read 4 bytes, read 0 bytes before connection was unexpectedly lost.
	at com.mysql.cj.protocol.FullReadInputStream.readFully(FullReadInputStream.java:67)
	at com.mysql.cj.protocol.a.SimplePacketReader.readHeader(SimplePacketReader.java:63)
	at com.mysql.cj.protocol.a.SimplePacketReader.readHeader(SimplePacketReader.java:45)
	at com.mysql.cj.protocol.a.NativeProtocol.readMessage(NativeProtocol.java:556)
	... 17 common frames omitted

2023-11-02 23:51:02.642  INFO 71475 --- [http-nio-17081-exec-9] c.c.p.c.shiro.CustomAccessControlFilter  : POST
2023-11-02 23:51:02.642  INFO 71475 --- [http-nio-17081-exec-9] c.c.p.c.shiro.CustomAccessControlFilter  : http://localhost:17081/sysJob/listByPage
2023-11-02 23:51:03.873 ERROR 71475 --- [Druid-ConnectionPool-Create-997770883] com.alibaba.druid.pool.DruidDataSource   : create connection SQLException, url: jdbc:mysql://123.176.98.69:3306/dapp_local?useUnicode=true&useSSL=false&characterEncoding=utf8&serverTimezone=GMT%2b8, errorCode 0, state 08S01

com.mysql.cj.jdbc.exceptions.CommunicationsException: Communications link failure

The last packet sent successfully to the server was 0 milliseconds ago. The driver has not received any packets from the server.
	at com.mysql.cj.jdbc.exceptions.SQLError.createCommunicationsException(SQLError.java:174)
	at com.mysql.cj.jdbc.exceptions.SQLExceptionsMapping.translateException(SQLExceptionsMapping.java:64)
	at com.mysql.cj.jdbc.ConnectionImpl.createNewIO(ConnectionImpl.java:835)
	at com.mysql.cj.jdbc.ConnectionImpl.<init>(ConnectionImpl.java:455)
	at com.mysql.cj.jdbc.ConnectionImpl.getInstance(ConnectionImpl.java:240)
	at com.mysql.cj.jdbc.NonRegisteringDriver.connect(NonRegisteringDriver.java:199)
	at com.alibaba.druid.filter.FilterChainImpl.connection_connect(FilterChainImpl.java:156)
	at com.alibaba.druid.filter.FilterAdapter.connection_connect(FilterAdapter.java:786)
	at com.alibaba.druid.filter.FilterChainImpl.connection_connect(FilterChainImpl.java:150)
	at com.alibaba.druid.filter.stat.StatFilter.connection_connect(StatFilter.java:218)
	at com.alibaba.druid.filter.FilterChainImpl.connection_connect(FilterChainImpl.java:150)
	at com.alibaba.druid.pool.DruidAbstractDataSource.createPhysicalConnection(DruidAbstractDataSource.java:1560)
	at com.alibaba.druid.pool.DruidAbstractDataSource.createPhysicalConnection(DruidAbstractDataSource.java:1623)
	at com.alibaba.druid.pool.DruidDataSource$CreateConnectionThread.run(DruidDataSource.java:2468)
Caused by: com.mysql.cj.exceptions.CJCommunicationsException: Communications link failure

The last packet sent successfully to the server was 0 milliseconds ago. The driver has not received any packets from the server.
	at sun.reflect.NativeConstructorAccessorImpl.newInstance0(Native Method)
	at sun.reflect.NativeConstructorAccessorImpl.newInstance(NativeConstructorAccessorImpl.java:62)
	at sun.reflect.DelegatingConstructorAccessorImpl.newInstance(DelegatingConstructorAccessorImpl.java:45)
	at java.lang.reflect.Constructor.newInstance(Constructor.java:423)
	at com.mysql.cj.exceptions.ExceptionFactory.createException(ExceptionFactory.java:61)
	at com.mysql.cj.exceptions.ExceptionFactory.createException(ExceptionFactory.java:105)
	at com.mysql.cj.exceptions.ExceptionFactory.createException(ExceptionFactory.java:151)
	at com.mysql.cj.exceptions.ExceptionFactory.createCommunicationsException(ExceptionFactory.java:167)
	at com.mysql.cj.protocol.a.NativeProtocol.readMessage(NativeProtocol.java:562)
	at com.mysql.cj.protocol.a.NativeProtocol.readServerCapabilities(NativeProtocol.java:514)
	at com.mysql.cj.protocol.a.NativeProtocol.beforeHandshake(NativeProtocol.java:404)
	at com.mysql.cj.protocol.a.NativeProtocol.connect(NativeProtocol.java:1450)
	at com.mysql.cj.NativeSession.connect(NativeSession.java:165)
	at com.mysql.cj.jdbc.ConnectionImpl.connectOneTryOnly(ConnectionImpl.java:955)
	at com.mysql.cj.jdbc.ConnectionImpl.createNewIO(ConnectionImpl.java:825)
	... 11 common frames omitted
Caused by: java.io.EOFException: Can not read response from server. Expected to read 4 bytes, read 0 bytes before connection was unexpectedly lost.
	at com.mysql.cj.protocol.FullReadInputStream.readFully(FullReadInputStream.java:67)
	at com.mysql.cj.protocol.a.SimplePacketReader.readHeader(SimplePacketReader.java:63)
	at com.mysql.cj.protocol.a.SimplePacketReader.readHeader(SimplePacketReader.java:45)
	at com.mysql.cj.protocol.a.NativeProtocol.readMessage(NativeProtocol.java:556)
	... 17 common frames omitted

2023-11-02 23:51:07.784  INFO 71475 --- [http-nio-17081-exec-7] c.c.p.c.shiro.CustomAccessControlFilter  : POST
2023-11-02 23:51:07.784  INFO 71475 --- [http-nio-17081-exec-7] c.c.p.c.shiro.CustomAccessControlFilter  : http://localhost:17081/sysJob/listByPage
2023-11-02 23:51:17.467  INFO 71475 --- [http-nio-17081-exec-3] c.c.p.c.shiro.CustomAccessControlFilter  : POST
2023-11-02 23:51:17.467  INFO 71475 --- [http-nio-17081-exec-3] c.c.p.c.shiro.CustomAccessControlFilter  : http://localhost:17081/sysJob/run
2023-11-02 23:51:18.201  INFO 71475 --- [http-nio-17081-exec-3] c.c.p.common.aop.aspect.SysLogAspect     : 请求com.company.project.controller.SysJobController.run耗时704毫秒
2023-11-02 23:51:18.203  INFO 71475 --- [http-nio-17081-exec-3] c.c.p.common.aop.aspect.SysLogAspect     : Ip0:0:0:0:0:0:0:1，接口地址http://localhost:17081/sysJob/run，请求方式POST，入参：[["1712882191928684545"]]
2023-11-02 23:51:18.229  INFO 71475 --- [http-nio-17081-exec-3] c.c.p.common.aop.aspect.SysLogAspect     : SysLog(id=null, userId=fcf34b56-a7a2-4719-9236-867495e74c31, username=admin, operation=立即执行任务-, time=704, method=com.company.project.controller.SysJobController.run(), params=[["1712882191928684545"]], ip=0:0:0:0:0:0:0:1, createTime=null, startTime=null, endTime=null)
2023-11-02 23:51:19.737  INFO 71475 --- [http-nio-17081-exec-4] c.c.p.c.shiro.CustomAccessControlFilter  : POST
2023-11-02 23:51:19.737  INFO 71475 --- [http-nio-17081-exec-4] c.c.p.c.shiro.CustomAccessControlFilter  : http://localhost:17081/sysJob/listByPage
2023-11-02 23:51:24.447 ERROR 71475 --- [Druid-ConnectionPool-Create-997770883] com.alibaba.druid.pool.DruidDataSource   : create connection SQLException, url: jdbc:mysql://123.176.98.69:3306/dapp_local?useUnicode=true&useSSL=false&characterEncoding=utf8&serverTimezone=GMT%2b8, errorCode 0, state 08S01

com.mysql.cj.jdbc.exceptions.CommunicationsException: Communications link failure

The last packet sent successfully to the server was 0 milliseconds ago. The driver has not received any packets from the server.
	at com.mysql.cj.jdbc.exceptions.SQLError.createCommunicationsException(SQLError.java:174)
	at com.mysql.cj.jdbc.exceptions.SQLExceptionsMapping.translateException(SQLExceptionsMapping.java:64)
	at com.mysql.cj.jdbc.ConnectionImpl.createNewIO(ConnectionImpl.java:835)
	at com.mysql.cj.jdbc.ConnectionImpl.<init>(ConnectionImpl.java:455)
	at com.mysql.cj.jdbc.ConnectionImpl.getInstance(ConnectionImpl.java:240)
	at com.mysql.cj.jdbc.NonRegisteringDriver.connect(NonRegisteringDriver.java:199)
	at com.alibaba.druid.filter.FilterChainImpl.connection_connect(FilterChainImpl.java:156)
	at com.alibaba.druid.filter.FilterAdapter.connection_connect(FilterAdapter.java:786)
	at com.alibaba.druid.filter.FilterChainImpl.connection_connect(FilterChainImpl.java:150)
	at com.alibaba.druid.filter.stat.StatFilter.connection_connect(StatFilter.java:218)
	at com.alibaba.druid.filter.FilterChainImpl.connection_connect(FilterChainImpl.java:150)
	at com.alibaba.druid.pool.DruidAbstractDataSource.createPhysicalConnection(DruidAbstractDataSource.java:1560)
	at com.alibaba.druid.pool.DruidAbstractDataSource.createPhysicalConnection(DruidAbstractDataSource.java:1623)
	at com.alibaba.druid.pool.DruidDataSource$CreateConnectionThread.run(DruidDataSource.java:2468)
Caused by: com.mysql.cj.exceptions.CJCommunicationsException: Communications link failure

The last packet sent successfully to the server was 0 milliseconds ago. The driver has not received any packets from the server.
	at sun.reflect.NativeConstructorAccessorImpl.newInstance0(Native Method)
	at sun.reflect.NativeConstructorAccessorImpl.newInstance(NativeConstructorAccessorImpl.java:62)
	at sun.reflect.DelegatingConstructorAccessorImpl.newInstance(DelegatingConstructorAccessorImpl.java:45)
	at java.lang.reflect.Constructor.newInstance(Constructor.java:423)
	at com.mysql.cj.exceptions.ExceptionFactory.createException(ExceptionFactory.java:61)
	at com.mysql.cj.exceptions.ExceptionFactory.createException(ExceptionFactory.java:105)
	at com.mysql.cj.exceptions.ExceptionFactory.createException(ExceptionFactory.java:151)
	at com.mysql.cj.exceptions.ExceptionFactory.createCommunicationsException(ExceptionFactory.java:167)
	at com.mysql.cj.protocol.a.NativeProtocol.readMessage(NativeProtocol.java:562)
	at com.mysql.cj.protocol.a.NativeProtocol.readServerCapabilities(NativeProtocol.java:514)
	at com.mysql.cj.protocol.a.NativeProtocol.beforeHandshake(NativeProtocol.java:404)
	at com.mysql.cj.protocol.a.NativeProtocol.connect(NativeProtocol.java:1450)
	at com.mysql.cj.NativeSession.connect(NativeSession.java:165)
	at com.mysql.cj.jdbc.ConnectionImpl.connectOneTryOnly(ConnectionImpl.java:955)
	at com.mysql.cj.jdbc.ConnectionImpl.createNewIO(ConnectionImpl.java:825)
	... 11 common frames omitted
Caused by: java.io.EOFException: Can not read response from server. Expected to read 4 bytes, read 0 bytes before connection was unexpectedly lost.
	at com.mysql.cj.protocol.FullReadInputStream.readFully(FullReadInputStream.java:67)
	at com.mysql.cj.protocol.a.SimplePacketReader.readHeader(SimplePacketReader.java:63)
	at com.mysql.cj.protocol.a.SimplePacketReader.readHeader(SimplePacketReader.java:45)
	at com.mysql.cj.protocol.a.NativeProtocol.readMessage(NativeProtocol.java:556)
	... 17 common frames omitted

2023-11-02 23:51:26.420  INFO 71475 --- [MessageBroker-1] o.s.w.s.c.WebSocketMessageBrokerStats    : WebSocketSession[0 current WS(0)-HttpStream(0)-HttpPoll(0), 0 total, 0 closed abnormally (0 connect failure, 0 send limit, 0 transport error)], stompSubProtocol[processed CONNECT(0)-CONNECTED(0)-DISCONNECT(0)], stompBrokerRelay[null], inboundChannel[pool size = 0, active threads = 0, queued tasks = 0, completed tasks = 0], outboundChannel[pool size = 0, active threads = 0, queued tasks = 0, completed tasks = 0], sockJsScheduler[pool size = 1, active threads = 1, queued tasks = 0, completed tasks = 0]
2023-11-02 23:51:33.870 ERROR 71475 --- [Druid-ConnectionPool-Create-997770883] com.alibaba.druid.pool.DruidDataSource   : create connection SQLException, url: jdbc:mysql://123.176.98.69:3306/dapp_local?useUnicode=true&useSSL=false&characterEncoding=utf8&serverTimezone=GMT%2b8, errorCode 0, state 08S01

com.mysql.cj.jdbc.exceptions.CommunicationsException: Communications link failure

The last packet sent successfully to the server was 0 milliseconds ago. The driver has not received any packets from the server.
	at com.mysql.cj.jdbc.exceptions.SQLError.createCommunicationsException(SQLError.java:174)
	at com.mysql.cj.jdbc.exceptions.SQLExceptionsMapping.translateException(SQLExceptionsMapping.java:64)
	at com.mysql.cj.jdbc.ConnectionImpl.createNewIO(ConnectionImpl.java:835)
	at com.mysql.cj.jdbc.ConnectionImpl.<init>(ConnectionImpl.java:455)
	at com.mysql.cj.jdbc.ConnectionImpl.getInstance(ConnectionImpl.java:240)
	at com.mysql.cj.jdbc.NonRegisteringDriver.connect(NonRegisteringDriver.java:199)
	at com.alibaba.druid.filter.FilterChainImpl.connection_connect(FilterChainImpl.java:156)
	at com.alibaba.druid.filter.FilterAdapter.connection_connect(FilterAdapter.java:786)
	at com.alibaba.druid.filter.FilterChainImpl.connection_connect(FilterChainImpl.java:150)
	at com.alibaba.druid.filter.stat.StatFilter.connection_connect(StatFilter.java:218)
	at com.alibaba.druid.filter.FilterChainImpl.connection_connect(FilterChainImpl.java:150)
	at com.alibaba.druid.pool.DruidAbstractDataSource.createPhysicalConnection(DruidAbstractDataSource.java:1560)
	at com.alibaba.druid.pool.DruidAbstractDataSource.createPhysicalConnection(DruidAbstractDataSource.java:1623)
	at com.alibaba.druid.pool.DruidDataSource$CreateConnectionThread.run(DruidDataSource.java:2468)
Caused by: com.mysql.cj.exceptions.CJCommunicationsException: Communications link failure

The last packet sent successfully to the server was 0 milliseconds ago. The driver has not received any packets from the server.
	at sun.reflect.NativeConstructorAccessorImpl.newInstance0(Native Method)
	at sun.reflect.NativeConstructorAccessorImpl.newInstance(NativeConstructorAccessorImpl.java:62)
	at sun.reflect.DelegatingConstructorAccessorImpl.newInstance(DelegatingConstructorAccessorImpl.java:45)
	at java.lang.reflect.Constructor.newInstance(Constructor.java:423)
	at com.mysql.cj.exceptions.ExceptionFactory.createException(ExceptionFactory.java:61)
	at com.mysql.cj.exceptions.ExceptionFactory.createException(ExceptionFactory.java:105)
	at com.mysql.cj.exceptions.ExceptionFactory.createException(ExceptionFactory.java:151)
	at com.mysql.cj.exceptions.ExceptionFactory.createCommunicationsException(ExceptionFactory.java:167)
	at com.mysql.cj.protocol.a.NativeProtocol.readMessage(NativeProtocol.java:562)
	at com.mysql.cj.protocol.a.NativeProtocol.readServerCapabilities(NativeProtocol.java:514)
	at com.mysql.cj.protocol.a.NativeProtocol.beforeHandshake(NativeProtocol.java:404)
	at com.mysql.cj.protocol.a.NativeProtocol.connect(NativeProtocol.java:1450)
	at com.mysql.cj.NativeSession.connect(NativeSession.java:165)
	at com.mysql.cj.jdbc.ConnectionImpl.connectOneTryOnly(ConnectionImpl.java:955)
	at com.mysql.cj.jdbc.ConnectionImpl.createNewIO(ConnectionImpl.java:825)
	... 11 common frames omitted
Caused by: java.io.EOFException: Can not read response from server. Expected to read 4 bytes, read 0 bytes before connection was unexpectedly lost.
	at com.mysql.cj.protocol.FullReadInputStream.readFully(FullReadInputStream.java:67)
	at com.mysql.cj.protocol.a.SimplePacketReader.readHeader(SimplePacketReader.java:63)
	at com.mysql.cj.protocol.a.SimplePacketReader.readHeader(SimplePacketReader.java:45)
	at com.mysql.cj.protocol.a.NativeProtocol.readMessage(NativeProtocol.java:556)
	... 17 common frames omitted

2023-11-02 23:52:04.989 ERROR 71475 --- [Druid-ConnectionPool-Create-997770883] com.alibaba.druid.pool.DruidDataSource   : create connection SQLException, url: jdbc:mysql://123.176.98.69:3306/dapp_local?useUnicode=true&useSSL=false&characterEncoding=utf8&serverTimezone=GMT%2b8, errorCode 0, state 08S01

com.mysql.cj.jdbc.exceptions.CommunicationsException: Communications link failure

The last packet sent successfully to the server was 0 milliseconds ago. The driver has not received any packets from the server.
	at com.mysql.cj.jdbc.exceptions.SQLError.createCommunicationsException(SQLError.java:174)
	at com.mysql.cj.jdbc.exceptions.SQLExceptionsMapping.translateException(SQLExceptionsMapping.java:64)
	at com.mysql.cj.jdbc.ConnectionImpl.createNewIO(ConnectionImpl.java:835)
	at com.mysql.cj.jdbc.ConnectionImpl.<init>(ConnectionImpl.java:455)
	at com.mysql.cj.jdbc.ConnectionImpl.getInstance(ConnectionImpl.java:240)
	at com.mysql.cj.jdbc.NonRegisteringDriver.connect(NonRegisteringDriver.java:199)
	at com.alibaba.druid.filter.FilterChainImpl.connection_connect(FilterChainImpl.java:156)
	at com.alibaba.druid.filter.FilterAdapter.connection_connect(FilterAdapter.java:786)
	at com.alibaba.druid.filter.FilterChainImpl.connection_connect(FilterChainImpl.java:150)
	at com.alibaba.druid.filter.stat.StatFilter.connection_connect(StatFilter.java:218)
	at com.alibaba.druid.filter.FilterChainImpl.connection_connect(FilterChainImpl.java:150)
	at com.alibaba.druid.pool.DruidAbstractDataSource.createPhysicalConnection(DruidAbstractDataSource.java:1560)
	at com.alibaba.druid.pool.DruidAbstractDataSource.createPhysicalConnection(DruidAbstractDataSource.java:1623)
	at com.alibaba.druid.pool.DruidDataSource$CreateConnectionThread.run(DruidDataSource.java:2468)
Caused by: com.mysql.cj.exceptions.CJCommunicationsException: Communications link failure

The last packet sent successfully to the server was 0 milliseconds ago. The driver has not received any packets from the server.
	at sun.reflect.NativeConstructorAccessorImpl.newInstance0(Native Method)
	at sun.reflect.NativeConstructorAccessorImpl.newInstance(NativeConstructorAccessorImpl.java:62)
	at sun.reflect.DelegatingConstructorAccessorImpl.newInstance(DelegatingConstructorAccessorImpl.java:45)
	at java.lang.reflect.Constructor.newInstance(Constructor.java:423)
	at com.mysql.cj.exceptions.ExceptionFactory.createException(ExceptionFactory.java:61)
	at com.mysql.cj.exceptions.ExceptionFactory.createException(ExceptionFactory.java:105)
	at com.mysql.cj.exceptions.ExceptionFactory.createException(ExceptionFactory.java:151)
	at com.mysql.cj.exceptions.ExceptionFactory.createCommunicationsException(ExceptionFactory.java:167)
	at com.mysql.cj.protocol.a.NativeProtocol.readMessage(NativeProtocol.java:562)
	at com.mysql.cj.protocol.a.NativeProtocol.readServerCapabilities(NativeProtocol.java:514)
	at com.mysql.cj.protocol.a.NativeProtocol.beforeHandshake(NativeProtocol.java:404)
	at com.mysql.cj.protocol.a.NativeProtocol.connect(NativeProtocol.java:1450)
	at com.mysql.cj.NativeSession.connect(NativeSession.java:165)
	at com.mysql.cj.jdbc.ConnectionImpl.connectOneTryOnly(ConnectionImpl.java:955)
	at com.mysql.cj.jdbc.ConnectionImpl.createNewIO(ConnectionImpl.java:825)
	... 11 common frames omitted
Caused by: java.io.EOFException: Can not read response from server. Expected to read 4 bytes, read 0 bytes before connection was unexpectedly lost.
	at com.mysql.cj.protocol.FullReadInputStream.readFully(FullReadInputStream.java:67)
	at com.mysql.cj.protocol.a.SimplePacketReader.readHeader(SimplePacketReader.java:63)
	at com.mysql.cj.protocol.a.SimplePacketReader.readHeader(SimplePacketReader.java:45)
	at com.mysql.cj.protocol.a.NativeProtocol.readMessage(NativeProtocol.java:556)
	... 17 common frames omitted

