2023-10-12 09:54:38.766  INFO 7405 --- [main] c.company.project.WalletDappApplication  : Starting WalletDappApplication on linjiahedembp with PID 7405 (/Users/linjiahe/Documents/work/test2/target/classes started by linjiahe in /Users/linjiahe/Documents/work/test2)
2023-10-12 09:54:38.767  INFO 7405 --- [main] c.company.project.WalletDappApplication  : The following profiles are active: prod
2023-10-12 09:54:38.833  WARN 7405 --- [background-preinit] o.s.h.c.j.Jackson2ObjectMapperBuilder    : For Jackson Kotlin classes support please add "com.fasterxml.jackson.module:jackson-module-kotlin" to the classpath
2023-10-12 09:54:39.395  INFO 7405 --- [main] .s.d.r.c.RepositoryConfigurationDelegate : Multiple Spring Data modules found, entering strict repository configuration mode!
2023-10-12 09:54:39.397  INFO 7405 --- [main] .s.d.r.c.RepositoryConfigurationDelegate : Bootstrapping Spring Data repositories in DEFAULT mode.
2023-10-12 09:54:39.430  INFO 7405 --- [main] .s.d.r.c.RepositoryConfigurationDelegate : Finished Spring Data repository scanning in 23ms. Found 0 repository interfaces.
2023-10-12 09:54:39.696  INFO 7405 --- [main] trationDelegate$BeanPostProcessorChecker : Bean 'org.springframework.transaction.annotation.ProxyTransactionManagementConfiguration' of type [org.springframework.transaction.annotation.ProxyTransactionManagementConfiguration$$EnhancerBySpringCGLIB$$8c73233e] is not eligible for getting processed by all BeanPostProcessors (for example: not eligible for auto-proxying)
2023-10-12 09:54:39.839  INFO 7405 --- [main] trationDelegate$BeanPostProcessorChecker : Bean 'spring.datasource.dynamic-com.baomidou.dynamic.datasource.spring.boot.autoconfigure.DynamicDataSourceProperties' of type [com.baomidou.dynamic.datasource.spring.boot.autoconfigure.DynamicDataSourceProperties] is not eligible for getting processed by all BeanPostProcessors (for example: not eligible for auto-proxying)
2023-10-12 09:54:39.841  INFO 7405 --- [main] trationDelegate$BeanPostProcessorChecker : Bean 'com.baomidou.dynamic.datasource.spring.boot.autoconfigure.DynamicDataSourceAutoConfiguration' of type [com.baomidou.dynamic.datasource.spring.boot.autoconfigure.DynamicDataSourceAutoConfiguration$$EnhancerBySpringCGLIB$$f601940f] is not eligible for getting processed by all BeanPostProcessors (for example: not eligible for auto-proxying)
2023-10-12 09:54:39.847  INFO 7405 --- [main] trationDelegate$BeanPostProcessorChecker : Bean 'dsProcessor' of type [com.baomidou.dynamic.datasource.processor.DsHeaderProcessor] is not eligible for getting processed by all BeanPostProcessors (for example: not eligible for auto-proxying)
2023-10-12 09:54:39.852  INFO 7405 --- [main] trationDelegate$BeanPostProcessorChecker : Bean 'dynamicDatasourceAnnotationAdvisor' of type [com.baomidou.dynamic.datasource.aop.DynamicDataSourceAnnotationAdvisor] is not eligible for getting processed by all BeanPostProcessors (for example: not eligible for auto-proxying)
2023-10-12 09:54:39.856  INFO 7405 --- [main] trationDelegate$BeanPostProcessorChecker : Bean 'fileUploadProperties' of type [com.company.project.common.config.FileUploadProperties] is not eligible for getting processed by all BeanPostProcessors (for example: not eligible for auto-proxying)
2023-10-12 09:54:39.857  INFO 7405 --- [main] trationDelegate$BeanPostProcessorChecker : Bean 'shiroConfig' of type [com.company.project.common.shiro.ShiroConfig$$EnhancerBySpringCGLIB$$c8d43269] is not eligible for getting processed by all BeanPostProcessors (for example: not eligible for auto-proxying)
2023-10-12 09:54:39.967  INFO 7405 --- [main] trationDelegate$BeanPostProcessorChecker : Bean 'customHashedCredentialsMatcher' of type [com.company.project.common.shiro.CustomHashedCredentialsMatcher] is not eligible for getting processed by all BeanPostProcessors (for example: not eligible for auto-proxying)
2023-10-12 09:54:39.985  INFO 7405 --- [main] trationDelegate$BeanPostProcessorChecker : Bean 'customRealm' of type [com.company.project.common.shiro.CustomRealm] is not eligible for getting processed by all BeanPostProcessors (for example: not eligible for auto-proxying)
2023-10-12 09:54:39.995  INFO 7405 --- [main] trationDelegate$BeanPostProcessorChecker : Bean 'securityManager' of type [org.apache.shiro.web.mgt.DefaultWebSecurityManager] is not eligible for getting processed by all BeanPostProcessors (for example: not eligible for auto-proxying)
2023-10-12 09:54:40.009  INFO 7405 --- [main] trationDelegate$BeanPostProcessorChecker : Bean 'authorizationAttributeSourceAdvisor' of type [org.apache.shiro.spring.security.interceptor.AuthorizationAttributeSourceAdvisor] is not eligible for getting processed by all BeanPostProcessors (for example: not eligible for auto-proxying)
2023-10-12 09:54:40.276  INFO 7405 --- [main] o.s.b.w.embedded.tomcat.TomcatWebServer  : Tomcat initialized with port(s): 17080 (http)
2023-10-12 09:54:40.291  INFO 7405 --- [main] o.apache.catalina.core.StandardService   : Starting service [Tomcat]
2023-10-12 09:54:40.291  INFO 7405 --- [main] org.apache.catalina.core.StandardEngine  : Starting Servlet engine: [Apache Tomcat/9.0.21]
2023-10-12 09:54:40.373  INFO 7405 --- [main] o.a.c.c.C.[Tomcat].[localhost].[/]       : Initializing Spring embedded WebApplicationContext
2023-10-12 09:54:40.373  INFO 7405 --- [main] o.s.web.context.ContextLoader            : Root WebApplicationContext: initialization completed in 1578 ms
2023-10-12 09:54:40.558  INFO 7405 --- [main] c.b.d.d.DynamicDataSourceCreator         : 动态数据源-检测到druid存在,如配置中未指定type,druid会默认配置
2023-10-12 09:54:40.680  INFO 7405 --- [main] com.alibaba.druid.pool.DruidDataSource   : {dataSource-1,master} inited
2023-10-12 09:54:40.680  WARN 7405 --- [main] c.a.druid.pool.DruidAbstractDataSource   : oracle.jdbc.driver.OracleDriver is deprecated.Having use oracle.jdbc.OracleDriver.
2023-10-12 09:54:40.684  INFO 7405 --- [main] com.alibaba.druid.pool.DruidDataSource   : {dataSource-2,oracle} inited
2023-10-12 09:54:40.685  INFO 7405 --- [main] com.alibaba.druid.pool.DruidDataSource   : {dataSource-3,sqlServer} inited
2023-10-12 09:54:40.686  INFO 7405 --- [main] c.b.d.d.DynamicRoutingDataSource         : 初始共加载 3 个数据源
2023-10-12 09:54:40.686  INFO 7405 --- [main] c.b.d.d.DynamicRoutingDataSource         : 动态数据源-加载 master 成功
2023-10-12 09:54:40.686  INFO 7405 --- [main] c.b.d.d.DynamicRoutingDataSource         : 动态数据源-加载 oracle 成功
2023-10-12 09:54:40.686  INFO 7405 --- [main] c.b.d.d.DynamicRoutingDataSource         : 动态数据源-加载 sqlServer 成功
2023-10-12 09:54:40.686  INFO 7405 --- [main] c.b.d.d.DynamicRoutingDataSource         : 当前的默认数据源是单数据源，数据源名为 master
2023-10-12 09:54:41.179  INFO 7405 --- [main] o.s.s.concurrent.ThreadPoolTaskExecutor  : Initializing ExecutorService 'clientInboundChannelExecutor'
2023-10-12 09:54:41.191  INFO 7405 --- [main] o.s.s.concurrent.ThreadPoolTaskExecutor  : Initializing ExecutorService 'clientOutboundChannelExecutor'
2023-10-12 09:54:42.826  INFO 7405 --- [main] org.quartz.impl.StdSchedulerFactory      : Using default implementation for ThreadExecutor
2023-10-12 09:54:42.833  INFO 7405 --- [main] org.quartz.core.SchedulerSignalerImpl    : Initialized Scheduler Signaller of type: class org.quartz.core.SchedulerSignalerImpl
2023-10-12 09:54:42.834  INFO 7405 --- [main] org.quartz.core.QuartzScheduler          : Quartz Scheduler v.2.3.2 created.
2023-10-12 09:54:42.834  INFO 7405 --- [main] org.quartz.simpl.RAMJobStore             : RAMJobStore initialized.
2023-10-12 09:54:42.834  INFO 7405 --- [main] org.quartz.core.QuartzScheduler          : Scheduler meta-data: Quartz Scheduler (v2.3.2) 'quartzScheduler' with instanceId 'NON_CLUSTERED'
  Scheduler class: 'org.quartz.core.QuartzScheduler' - running locally.
  NOT STARTED.
  Currently in standby mode.
  Number of jobs executed: 0
  Using thread pool 'org.quartz.simpl.SimpleThreadPool' - with 10 threads.
  Using job-store 'org.quartz.simpl.RAMJobStore' - which does not support persistence. and is not clustered.

2023-10-12 09:54:42.834  INFO 7405 --- [main] org.quartz.impl.StdSchedulerFactory      : Quartz scheduler 'quartzScheduler' initialized from an externally provided properties instance.
2023-10-12 09:54:42.834  INFO 7405 --- [main] org.quartz.impl.StdSchedulerFactory      : Quartz scheduler version: 2.3.2
2023-10-12 09:54:42.835  INFO 7405 --- [main] org.quartz.core.QuartzScheduler          : JobFactory set to: org.springframework.scheduling.quartz.SpringBeanJobFactory@329b331f
2023-10-12 09:54:43.848  INFO 7405 --- [main] pertySourcedRequestMappingHandlerMapping : Mapped URL path [/v2/api-docs] onto method [public org.springframework.http.ResponseEntity<springfox.documentation.spring.web.json.Json> springfox.documentation.swagger2.web.Swagger2Controller.getDocumentation(java.lang.String,javax.servlet.http.HttpServletRequest)]
2023-10-12 09:54:44.097  INFO 7405 --- [main] o.s.s.c.ThreadPoolTaskScheduler          : Initializing ExecutorService 'messageBrokerTaskScheduler'
2023-10-12 09:54:44.133  INFO 7405 --- [main] o.s.s.concurrent.ThreadPoolTaskExecutor  : Initializing ExecutorService 'brokerChannelExecutor'
2023-10-12 09:54:44.603  INFO 7405 --- [main] o.w.s.a.Web3jAutoConfiguration           : Building service for endpoint: null
2023-10-12 09:54:44.698  INFO 7405 --- [main] d.s.w.p.DocumentationPluginsBootstrapper : Context refreshed
2023-10-12 09:54:44.710  INFO 7405 --- [main] d.s.w.p.DocumentationPluginsBootstrapper : Found 1 custom documentation plugin(s)
2023-10-12 09:54:44.737  INFO 7405 --- [main] s.d.s.w.s.ApiListingReferenceScanner     : Scanning for api listing references
2023-10-12 09:54:44.843  INFO 7405 --- [main] .d.s.w.r.o.CachingOperationNameGenerator : Generating unique operation named: addUsingPOST_1
2023-10-12 09:54:44.845  INFO 7405 --- [main] .d.s.w.r.o.CachingOperationNameGenerator : Generating unique operation named: detailUsingPOST_1
2023-10-12 09:54:44.851  INFO 7405 --- [main] .d.s.w.r.o.CachingOperationNameGenerator : Generating unique operation named: findAllUsingPOST_1
2023-10-12 09:54:44.854  INFO 7405 --- [main] .d.s.w.r.o.CachingOperationNameGenerator : Generating unique operation named: pageInfoUsingPOST_1
2023-10-12 09:54:44.857  INFO 7405 --- [main] .d.s.w.r.o.CachingOperationNameGenerator : Generating unique operation named: updateUsingPOST_1
2023-10-12 09:54:44.857  INFO 7405 --- [main] .d.s.w.r.o.CachingOperationNameGenerator : Generating unique operation named: userAddUsingPOST_1
2023-10-12 09:54:44.858  INFO 7405 --- [main] .d.s.w.r.o.CachingOperationNameGenerator : Generating unique operation named: userAddUsingPOST_2
2023-10-12 09:54:44.860  INFO 7405 --- [main] .d.s.w.r.o.CachingOperationNameGenerator : Generating unique operation named: userPageInfoUsingPOST_1
2023-10-12 09:54:44.861  INFO 7405 --- [main] .d.s.w.r.o.CachingOperationNameGenerator : Generating unique operation named: userPageInfoUsingPOST_2
2023-10-12 09:54:44.861  INFO 7405 --- [main] .d.s.w.r.o.CachingOperationNameGenerator : Generating unique operation named: userUpdateUsingPOST_1
2023-10-12 09:54:44.862  INFO 7405 --- [main] .d.s.w.r.o.CachingOperationNameGenerator : Generating unique operation named: userUpdateUsingPOST_2
2023-10-12 09:54:44.863  INFO 7405 --- [main] .d.s.w.r.o.CachingOperationNameGenerator : Generating unique operation named: pageInfoUsingPOST_2
2023-10-12 09:54:44.864  INFO 7405 --- [main] .d.s.w.r.o.CachingOperationNameGenerator : Generating unique operation named: updateUsingPOST_2
2023-10-12 09:54:44.884  INFO 7405 --- [main] .d.s.w.r.o.CachingOperationNameGenerator : Generating unique operation named: addUsingPOST_2
2023-10-12 09:54:44.886  INFO 7405 --- [main] .d.s.w.r.o.CachingOperationNameGenerator : Generating unique operation named: pageInfoUsingPOST_3
2023-10-12 09:54:44.886  INFO 7405 --- [main] .d.s.w.r.o.CachingOperationNameGenerator : Generating unique operation named: updateUsingPOST_3
2023-10-12 09:54:44.888  INFO 7405 --- [main] .d.s.w.r.o.CachingOperationNameGenerator : Generating unique operation named: addUsingPOST_3
2023-10-12 09:54:44.899  INFO 7405 --- [main] .d.s.w.r.o.CachingOperationNameGenerator : Generating unique operation named: findAllUsingPOST_2
2023-10-12 09:54:44.900  INFO 7405 --- [main] .d.s.w.r.o.CachingOperationNameGenerator : Generating unique operation named: pageInfoUsingPOST_4
2023-10-12 09:54:44.900  INFO 7405 --- [main] .d.s.w.r.o.CachingOperationNameGenerator : Generating unique operation named: updateUsingPOST_4
2023-10-12 09:54:44.907  INFO 7405 --- [main] .d.s.w.r.o.CachingOperationNameGenerator : Generating unique operation named: deletedUsingDELETE_1
2023-10-12 09:54:44.907  INFO 7405 --- [main] .d.s.w.r.o.CachingOperationNameGenerator : Generating unique operation named: detailInfoUsingGET_1
2023-10-12 09:54:44.916  INFO 7405 --- [main] .d.s.w.r.o.CachingOperationNameGenerator : Generating unique operation named: deletedUsingDELETE_2
2023-10-12 09:54:44.916  INFO 7405 --- [main] .d.s.w.r.o.CachingOperationNameGenerator : Generating unique operation named: detailInfoUsingGET_2
2023-10-12 09:54:44.917  INFO 7405 --- [main] .d.s.w.r.o.CachingOperationNameGenerator : Generating unique operation named: pageInfoUsingPOST_5
2023-10-12 09:54:44.918  INFO 7405 --- [main] .d.s.w.r.o.CachingOperationNameGenerator : Generating unique operation named: updateDeptUsingPUT_1
2023-10-12 09:54:44.921  INFO 7405 --- [main] .d.s.w.r.o.CachingOperationNameGenerator : Generating unique operation named: addUsingPOST_4
2023-10-12 09:54:44.931  INFO 7405 --- [main] .d.s.w.r.o.CachingOperationNameGenerator : Generating unique operation named: addUsingPOST_5
2023-10-12 09:54:44.935  INFO 7405 --- [main] .d.s.w.r.o.CachingOperationNameGenerator : Generating unique operation named: addUsingPOST_6
2023-10-12 09:54:44.936  INFO 7405 --- [main] .d.s.w.r.o.CachingOperationNameGenerator : Generating unique operation named: deleteUsingDELETE_1
2023-10-12 09:54:44.936  INFO 7405 --- [main] .d.s.w.r.o.CachingOperationNameGenerator : Generating unique operation named: findListByPageUsingPOST_1
2023-10-12 09:54:44.937  INFO 7405 --- [main] .d.s.w.r.o.CachingOperationNameGenerator : Generating unique operation named: updateUsingPUT_1
2023-10-12 09:54:44.939  INFO 7405 --- [main] .d.s.w.r.o.CachingOperationNameGenerator : Generating unique operation named: addUsingPOST_7
2023-10-12 09:54:44.939  INFO 7405 --- [main] .d.s.w.r.o.CachingOperationNameGenerator : Generating unique operation named: deleteUsingDELETE_2
2023-10-12 09:54:44.940  INFO 7405 --- [main] .d.s.w.r.o.CachingOperationNameGenerator : Generating unique operation named: findListByPageUsingPOST_2
2023-10-12 09:54:44.940  INFO 7405 --- [main] .d.s.w.r.o.CachingOperationNameGenerator : Generating unique operation named: updateUsingPUT_2
2023-10-12 09:54:44.941  INFO 7405 --- [main] .d.s.w.r.o.CachingOperationNameGenerator : Generating unique operation named: addUsingPOST_8
2023-10-12 09:54:44.942  INFO 7405 --- [main] .d.s.w.r.o.CachingOperationNameGenerator : Generating unique operation named: deleteUsingDELETE_3
2023-10-12 09:54:44.944  INFO 7405 --- [main] .d.s.w.r.o.CachingOperationNameGenerator : Generating unique operation named: findListByPageUsingPOST_3
2023-10-12 09:54:44.946  INFO 7405 --- [main] .d.s.w.r.o.CachingOperationNameGenerator : Generating unique operation named: findListByPageUsingPOST_4
2023-10-12 09:54:44.948  INFO 7405 --- [main] .d.s.w.r.o.CachingOperationNameGenerator : Generating unique operation named: addUsingPOST_9
2023-10-12 09:54:44.948  INFO 7405 --- [main] .d.s.w.r.o.CachingOperationNameGenerator : Generating unique operation named: deleteUsingDELETE_4
2023-10-12 09:54:44.949  INFO 7405 --- [main] .d.s.w.r.o.CachingOperationNameGenerator : Generating unique operation named: findListByPageUsingPOST_5
2023-10-12 09:54:44.952  INFO 7405 --- [main] .d.s.w.r.o.CachingOperationNameGenerator : Generating unique operation named: updateUsingPUT_3
2023-10-12 09:54:44.952  INFO 7405 --- [main] .d.s.w.r.o.CachingOperationNameGenerator : Generating unique operation named: deleteUsingDELETE_5
2023-10-12 09:54:44.954  INFO 7405 --- [main] .d.s.w.r.o.CachingOperationNameGenerator : Generating unique operation named: findListByPageUsingPOST_6
2023-10-12 09:54:44.955  INFO 7405 --- [main] .d.s.w.r.o.CachingOperationNameGenerator : Generating unique operation named: deletedUsingDELETE_3
2023-10-12 09:54:44.956  INFO 7405 --- [main] .d.s.w.r.o.CachingOperationNameGenerator : Generating unique operation named: pageInfoUsingPOST_6
2023-10-12 09:54:44.957  INFO 7405 --- [main] .d.s.w.r.o.CachingOperationNameGenerator : Generating unique operation named: systemInfoUsingGET_1
2023-10-12 09:54:44.962  INFO 7405 --- [main] .d.s.w.r.o.CachingOperationNameGenerator : Generating unique operation named: detailInfoUsingGET_3
2023-10-12 09:54:44.964  INFO 7405 --- [main] .d.s.w.r.o.CachingOperationNameGenerator : Generating unique operation named: logoutUsingGET_1
2023-10-12 09:54:44.965  INFO 7405 --- [main] .d.s.w.r.o.CachingOperationNameGenerator : Generating unique operation named: pageInfoUsingPOST_7
2023-10-12 09:54:44.978  INFO 7405 --- [main] .d.s.w.r.o.CachingOperationNameGenerator : Generating unique operation named: pageInfoUsingPOST_8
2023-10-12 09:54:44.981  INFO 7405 --- [main] .d.s.w.r.o.CachingOperationNameGenerator : Generating unique operation named: pageInfoUsingPOST_9
2023-10-12 09:54:44.985  INFO 7405 --- [main] .d.s.w.r.o.CachingOperationNameGenerator : Generating unique operation named: userPageInfoUsingPOST_3
2023-10-12 09:54:44.987  INFO 7405 --- [main] .d.s.w.r.o.CachingOperationNameGenerator : Generating unique operation named: userUpdateUsingPOST_3
2023-10-12 09:54:44.998  INFO 7405 --- [main] .d.s.w.r.o.CachingOperationNameGenerator : Generating unique operation named: addUsingPOST_10
2023-10-12 09:54:45.002  INFO 7405 --- [main] .d.s.w.r.o.CachingOperationNameGenerator : Generating unique operation named: detailUsingPOST_2
2023-10-12 09:54:45.010  INFO 7405 --- [main] .d.s.w.r.o.CachingOperationNameGenerator : Generating unique operation named: loginUsingPOST_1
2023-10-12 09:54:45.012  INFO 7405 --- [main] .d.s.w.r.o.CachingOperationNameGenerator : Generating unique operation named: pageInfoUsingPOST_10
2023-10-12 09:54:45.013  INFO 7405 --- [main] .d.s.w.r.o.CachingOperationNameGenerator : Generating unique operation named: pageInfoExportUsingPOST_1
2023-10-12 09:54:45.024  INFO 7405 --- [main] .d.s.w.r.o.CachingOperationNameGenerator : Generating unique operation named: updateUsingPOST_5
2023-10-12 09:54:45.026  INFO 7405 --- [main] .d.s.w.r.o.CachingOperationNameGenerator : Generating unique operation named: withdrawUsingPOST_1
2023-10-12 09:54:45.031  INFO 7405 --- [main] .d.s.w.r.o.CachingOperationNameGenerator : Generating unique operation named: addUsingPOST_11
2023-10-12 09:54:45.034  INFO 7405 --- [main] .d.s.w.r.o.CachingOperationNameGenerator : Generating unique operation named: pageInfoUsingPOST_11
2023-10-12 09:54:45.035  INFO 7405 --- [main] .d.s.w.r.o.CachingOperationNameGenerator : Generating unique operation named: pageInfoAdminUsingPOST_1
2023-10-12 09:54:45.038  INFO 7405 --- [main] .d.s.w.r.o.CachingOperationNameGenerator : Generating unique operation named: detailUsingPOST_3
2023-10-12 09:54:45.040  INFO 7405 --- [main] .d.s.w.r.o.CachingOperationNameGenerator : Generating unique operation named: findAllUsingPOST_3
2023-10-12 09:54:45.043  INFO 7405 --- [main] .d.s.w.r.o.CachingOperationNameGenerator : Generating unique operation named: userAddUsingPOST_3
2023-10-12 09:54:45.044  INFO 7405 --- [main] .d.s.w.r.o.CachingOperationNameGenerator : Generating unique operation named: userPageInfoUsingPOST_4
2023-10-12 09:54:45.044  INFO 7405 --- [main] .d.s.w.r.o.CachingOperationNameGenerator : Generating unique operation named: userUpdateUsingPOST_4
2023-10-12 09:54:45.046  INFO 7405 --- [main] .d.s.w.r.o.CachingOperationNameGenerator : Generating unique operation named: VersionUsingPOST_1
2023-10-12 09:54:45.047  INFO 7405 --- [main] .d.s.w.r.o.CachingOperationNameGenerator : Generating unique operation named: VersionAddUsingPOST_1
2023-10-12 09:54:45.048  INFO 7405 --- [main] .d.s.w.r.o.CachingOperationNameGenerator : Generating unique operation named: addUsingPOST_12
2023-10-12 09:54:45.048  INFO 7405 --- [main] .d.s.w.r.o.CachingOperationNameGenerator : Generating unique operation named: pageInfoUsingPOST_12
2023-10-12 09:54:45.049  INFO 7405 --- [main] .d.s.w.r.o.CachingOperationNameGenerator : Generating unique operation named: rechargePageInfoUsingPOST_1
2023-10-12 09:54:45.052  INFO 7405 --- [main] .d.s.w.r.o.CachingOperationNameGenerator : Generating unique operation named: addUsingPOST_13
2023-10-12 09:54:45.052  INFO 7405 --- [main] .d.s.w.r.o.CachingOperationNameGenerator : Generating unique operation named: pageInfoUsingPOST_13
2023-10-12 09:54:45.053  INFO 7405 --- [main] .d.s.w.r.o.CachingOperationNameGenerator : Generating unique operation named: pageInfoAdminUsingPOST_2
2023-10-12 09:54:45.053  INFO 7405 --- [main] .d.s.w.r.o.CachingOperationNameGenerator : Generating unique operation named: updateStatusNoPasssUsingGET_1
2023-10-12 09:54:45.054  INFO 7405 --- [main] .d.s.w.r.o.CachingOperationNameGenerator : Generating unique operation named: updateStatusPasssUsingGET_1
2023-10-12 09:54:45.054  INFO 7405 --- [main] .d.s.w.r.o.CachingOperationNameGenerator : Generating unique operation named: pageInfoUsingPOST_14
2023-10-12 09:54:45.064  INFO 7405 --- [main] o.s.m.s.b.SimpleBrokerMessageHandler     : Starting...
2023-10-12 09:54:45.064  INFO 7405 --- [main] o.s.m.s.b.SimpleBrokerMessageHandler     : BrokerAvailabilityEvent[available=true, SimpleBrokerMessageHandler [DefaultSubscriptionRegistry[cache[0 destination(s)], registry[0 sessions]]]]
2023-10-12 09:54:45.065  INFO 7405 --- [main] o.s.m.s.b.SimpleBrokerMessageHandler     : Started.
2023-10-12 09:54:45.065  INFO 7405 --- [main] o.s.s.quartz.SchedulerFactoryBean        : Starting Quartz Scheduler now
2023-10-12 09:54:45.065  INFO 7405 --- [main] org.quartz.core.QuartzScheduler          : Scheduler quartzScheduler_$_NON_CLUSTERED started.
2023-10-12 09:54:45.099  INFO 7405 --- [main] o.s.b.w.embedded.tomcat.TomcatWebServer  : Tomcat started on port(s): 17080 (http) with context path ''
2023-10-12 09:54:45.100  INFO 7405 --- [main] c.company.project.WalletDappApplication  : Started WalletDappApplication in 6.598 seconds (JVM running for 6.922)
2023-10-12 09:54:45.113  INFO 7405 --- [main] c.company.project.WalletDappApplication  : 
----------------------------------------------------------
	Application 'scaffolding_admin' is running! Access URLs:
	Login: 	http://192.168.1.5:17080/login
	Doc: 	http://192.168.1.5:17080/doc.html
----------------------------------------------------------
2023-10-12 09:54:48.775  INFO 7405 --- [Thread-17] o.s.m.s.b.SimpleBrokerMessageHandler     : Stopping...
2023-10-12 09:54:48.775  INFO 7405 --- [Thread-17] o.s.m.s.b.SimpleBrokerMessageHandler     : BrokerAvailabilityEvent[available=false, SimpleBrokerMessageHandler [DefaultSubscriptionRegistry[cache[0 destination(s)], registry[0 sessions]]]]
2023-10-12 09:54:48.775  INFO 7405 --- [Thread-17] o.s.m.s.b.SimpleBrokerMessageHandler     : Stopped.
2023-10-12 09:54:48.775  INFO 7405 --- [Thread-17] org.quartz.core.QuartzScheduler          : Scheduler quartzScheduler_$_NON_CLUSTERED paused.
2023-10-12 09:54:48.776  INFO 7405 --- [Thread-17] o.s.s.concurrent.ThreadPoolTaskExecutor  : Shutting down ExecutorService 'brokerChannelExecutor'
2023-10-12 09:54:48.776  INFO 7405 --- [Thread-17] o.s.s.c.ThreadPoolTaskScheduler          : Shutting down ExecutorService 'messageBrokerTaskScheduler'
2023-10-12 09:54:48.826  INFO 7405 --- [Thread-17] o.s.s.quartz.SchedulerFactoryBean        : Shutting down Quartz Scheduler
2023-10-12 09:54:48.826  INFO 7405 --- [Thread-17] org.quartz.core.QuartzScheduler          : Scheduler quartzScheduler_$_NON_CLUSTERED shutting down.
2023-10-12 09:54:48.826  INFO 7405 --- [Thread-17] org.quartz.core.QuartzScheduler          : Scheduler quartzScheduler_$_NON_CLUSTERED paused.
2023-10-12 09:54:48.827  INFO 7405 --- [Thread-17] org.quartz.core.QuartzScheduler          : Scheduler quartzScheduler_$_NON_CLUSTERED shutdown complete.
2023-10-12 09:54:48.841  INFO 7405 --- [Thread-17] o.s.s.concurrent.ThreadPoolTaskExecutor  : Shutting down ExecutorService 'clientOutboundChannelExecutor'
2023-10-12 09:54:48.841  INFO 7405 --- [Thread-17] o.s.s.concurrent.ThreadPoolTaskExecutor  : Shutting down ExecutorService 'clientInboundChannelExecutor'
2023-10-12 09:54:48.843  INFO 7405 --- [Thread-17] c.b.d.d.DynamicRoutingDataSource         : closing dynamicDatasource  ing....
2023-10-12 09:54:48.849  INFO 7405 --- [Thread-17] com.alibaba.druid.pool.DruidDataSource   : {dataSource-1} closed
2023-10-12 09:54:48.849  INFO 7405 --- [Thread-17] com.alibaba.druid.pool.DruidDataSource   : {dataSource-2} closed
2023-10-12 09:54:48.849  INFO 7405 --- [Thread-17] com.alibaba.druid.pool.DruidDataSource   : {dataSource-3} closed
2023-10-12 10:55:32.002  INFO 8851 --- [main] c.company.project.WalletDappApplication  : Starting WalletDappApplication on linjiahedembp with PID 8851 (/Users/linjiahe/Documents/work/test2/target/classes started by linjiahe in /Users/linjiahe/Documents/work/test2)
2023-10-12 10:55:32.003  INFO 8851 --- [main] c.company.project.WalletDappApplication  : The following profiles are active: prod
2023-10-12 10:55:32.041  WARN 8851 --- [background-preinit] o.s.h.c.j.Jackson2ObjectMapperBuilder    : For Jackson Kotlin classes support please add "com.fasterxml.jackson.module:jackson-module-kotlin" to the classpath
2023-10-12 10:55:32.635  INFO 8851 --- [main] .s.d.r.c.RepositoryConfigurationDelegate : Multiple Spring Data modules found, entering strict repository configuration mode!
2023-10-12 10:55:32.637  INFO 8851 --- [main] .s.d.r.c.RepositoryConfigurationDelegate : Bootstrapping Spring Data repositories in DEFAULT mode.
2023-10-12 10:55:32.668  INFO 8851 --- [main] .s.d.r.c.RepositoryConfigurationDelegate : Finished Spring Data repository scanning in 23ms. Found 0 repository interfaces.
2023-10-12 10:55:32.918  INFO 8851 --- [main] trationDelegate$BeanPostProcessorChecker : Bean 'org.springframework.transaction.annotation.ProxyTransactionManagementConfiguration' of type [org.springframework.transaction.annotation.ProxyTransactionManagementConfiguration$$EnhancerBySpringCGLIB$$efe1dbaf] is not eligible for getting processed by all BeanPostProcessors (for example: not eligible for auto-proxying)
2023-10-12 10:55:33.032  INFO 8851 --- [main] trationDelegate$BeanPostProcessorChecker : Bean 'spring.datasource.dynamic-com.baomidou.dynamic.datasource.spring.boot.autoconfigure.DynamicDataSourceProperties' of type [com.baomidou.dynamic.datasource.spring.boot.autoconfigure.DynamicDataSourceProperties] is not eligible for getting processed by all BeanPostProcessors (for example: not eligible for auto-proxying)
2023-10-12 10:55:33.033  INFO 8851 --- [main] trationDelegate$BeanPostProcessorChecker : Bean 'com.baomidou.dynamic.datasource.spring.boot.autoconfigure.DynamicDataSourceAutoConfiguration' of type [com.baomidou.dynamic.datasource.spring.boot.autoconfigure.DynamicDataSourceAutoConfiguration$$EnhancerBySpringCGLIB$$59704c80] is not eligible for getting processed by all BeanPostProcessors (for example: not eligible for auto-proxying)
2023-10-12 10:55:33.037  INFO 8851 --- [main] trationDelegate$BeanPostProcessorChecker : Bean 'dsProcessor' of type [com.baomidou.dynamic.datasource.processor.DsHeaderProcessor] is not eligible for getting processed by all BeanPostProcessors (for example: not eligible for auto-proxying)
2023-10-12 10:55:33.040  INFO 8851 --- [main] trationDelegate$BeanPostProcessorChecker : Bean 'dynamicDatasourceAnnotationAdvisor' of type [com.baomidou.dynamic.datasource.aop.DynamicDataSourceAnnotationAdvisor] is not eligible for getting processed by all BeanPostProcessors (for example: not eligible for auto-proxying)
2023-10-12 10:55:33.043  INFO 8851 --- [main] trationDelegate$BeanPostProcessorChecker : Bean 'fileUploadProperties' of type [com.company.project.common.config.FileUploadProperties] is not eligible for getting processed by all BeanPostProcessors (for example: not eligible for auto-proxying)
2023-10-12 10:55:33.044  INFO 8851 --- [main] trationDelegate$BeanPostProcessorChecker : Bean 'shiroConfig' of type [com.company.project.common.shiro.ShiroConfig$$EnhancerBySpringCGLIB$$2c42eada] is not eligible for getting processed by all BeanPostProcessors (for example: not eligible for auto-proxying)
2023-10-12 10:55:33.099  INFO 8851 --- [main] trationDelegate$BeanPostProcessorChecker : Bean 'customHashedCredentialsMatcher' of type [com.company.project.common.shiro.CustomHashedCredentialsMatcher] is not eligible for getting processed by all BeanPostProcessors (for example: not eligible for auto-proxying)
2023-10-12 10:55:33.112  INFO 8851 --- [main] trationDelegate$BeanPostProcessorChecker : Bean 'customRealm' of type [com.company.project.common.shiro.CustomRealm] is not eligible for getting processed by all BeanPostProcessors (for example: not eligible for auto-proxying)
2023-10-12 10:55:33.120  INFO 8851 --- [main] trationDelegate$BeanPostProcessorChecker : Bean 'securityManager' of type [org.apache.shiro.web.mgt.DefaultWebSecurityManager] is not eligible for getting processed by all BeanPostProcessors (for example: not eligible for auto-proxying)
2023-10-12 10:55:33.131  INFO 8851 --- [main] trationDelegate$BeanPostProcessorChecker : Bean 'authorizationAttributeSourceAdvisor' of type [org.apache.shiro.spring.security.interceptor.AuthorizationAttributeSourceAdvisor] is not eligible for getting processed by all BeanPostProcessors (for example: not eligible for auto-proxying)
2023-10-12 10:55:33.349  INFO 8851 --- [main] o.s.b.w.embedded.tomcat.TomcatWebServer  : Tomcat initialized with port(s): 17080 (http)
2023-10-12 10:55:33.364  INFO 8851 --- [main] o.apache.catalina.core.StandardService   : Starting service [Tomcat]
2023-10-12 10:55:33.365  INFO 8851 --- [main] org.apache.catalina.core.StandardEngine  : Starting Servlet engine: [Apache Tomcat/9.0.21]
2023-10-12 10:55:33.436  INFO 8851 --- [main] o.a.c.c.C.[Tomcat].[localhost].[/]       : Initializing Spring embedded WebApplicationContext
2023-10-12 10:55:33.436  INFO 8851 --- [main] o.s.web.context.ContextLoader            : Root WebApplicationContext: initialization completed in 1384 ms
2023-10-12 10:55:33.594  INFO 8851 --- [main] c.b.d.d.DynamicDataSourceCreator         : 动态数据源-检测到druid存在,如配置中未指定type,druid会默认配置
2023-10-12 10:55:33.684  INFO 8851 --- [main] com.alibaba.druid.pool.DruidDataSource   : {dataSource-1,master} inited
2023-10-12 10:55:33.684  WARN 8851 --- [main] c.a.druid.pool.DruidAbstractDataSource   : oracle.jdbc.driver.OracleDriver is deprecated.Having use oracle.jdbc.OracleDriver.
2023-10-12 10:55:33.687  INFO 8851 --- [main] com.alibaba.druid.pool.DruidDataSource   : {dataSource-2,oracle} inited
2023-10-12 10:55:33.688  INFO 8851 --- [main] com.alibaba.druid.pool.DruidDataSource   : {dataSource-3,sqlServer} inited
2023-10-12 10:55:33.688  INFO 8851 --- [main] c.b.d.d.DynamicRoutingDataSource         : 初始共加载 3 个数据源
2023-10-12 10:55:33.688  INFO 8851 --- [main] c.b.d.d.DynamicRoutingDataSource         : 动态数据源-加载 master 成功
2023-10-12 10:55:33.688  INFO 8851 --- [main] c.b.d.d.DynamicRoutingDataSource         : 动态数据源-加载 oracle 成功
2023-10-12 10:55:33.688  INFO 8851 --- [main] c.b.d.d.DynamicRoutingDataSource         : 动态数据源-加载 sqlServer 成功
2023-10-12 10:55:33.688  INFO 8851 --- [main] c.b.d.d.DynamicRoutingDataSource         : 当前的默认数据源是单数据源，数据源名为 master
2023-10-12 10:55:34.132  INFO 8851 --- [main] o.s.s.concurrent.ThreadPoolTaskExecutor  : Initializing ExecutorService 'clientInboundChannelExecutor'
2023-10-12 10:55:34.144  INFO 8851 --- [main] o.s.s.concurrent.ThreadPoolTaskExecutor  : Initializing ExecutorService 'clientOutboundChannelExecutor'
2023-10-12 10:55:36.085  INFO 8851 --- [main] org.quartz.impl.StdSchedulerFactory      : Using default implementation for ThreadExecutor
2023-10-12 10:55:36.093  INFO 8851 --- [main] org.quartz.core.SchedulerSignalerImpl    : Initialized Scheduler Signaller of type: class org.quartz.core.SchedulerSignalerImpl
2023-10-12 10:55:36.093  INFO 8851 --- [main] org.quartz.core.QuartzScheduler          : Quartz Scheduler v.2.3.2 created.
2023-10-12 10:55:36.093  INFO 8851 --- [main] org.quartz.simpl.RAMJobStore             : RAMJobStore initialized.
2023-10-12 10:55:36.094  INFO 8851 --- [main] org.quartz.core.QuartzScheduler          : Scheduler meta-data: Quartz Scheduler (v2.3.2) 'quartzScheduler' with instanceId 'NON_CLUSTERED'
  Scheduler class: 'org.quartz.core.QuartzScheduler' - running locally.
  NOT STARTED.
  Currently in standby mode.
  Number of jobs executed: 0
  Using thread pool 'org.quartz.simpl.SimpleThreadPool' - with 10 threads.
  Using job-store 'org.quartz.simpl.RAMJobStore' - which does not support persistence. and is not clustered.

2023-10-12 10:55:36.094  INFO 8851 --- [main] org.quartz.impl.StdSchedulerFactory      : Quartz scheduler 'quartzScheduler' initialized from an externally provided properties instance.
2023-10-12 10:55:36.094  INFO 8851 --- [main] org.quartz.impl.StdSchedulerFactory      : Quartz scheduler version: 2.3.2
2023-10-12 10:55:36.094  INFO 8851 --- [main] org.quartz.core.QuartzScheduler          : JobFactory set to: org.springframework.scheduling.quartz.SpringBeanJobFactory@7e81617a
2023-10-12 10:55:37.077  INFO 8851 --- [main] pertySourcedRequestMappingHandlerMapping : Mapped URL path [/v2/api-docs] onto method [public org.springframework.http.ResponseEntity<springfox.documentation.spring.web.json.Json> springfox.documentation.swagger2.web.Swagger2Controller.getDocumentation(java.lang.String,javax.servlet.http.HttpServletRequest)]
2023-10-12 10:55:37.310  INFO 8851 --- [main] o.s.s.c.ThreadPoolTaskScheduler          : Initializing ExecutorService 'messageBrokerTaskScheduler'
2023-10-12 10:55:37.348  INFO 8851 --- [main] o.s.s.concurrent.ThreadPoolTaskExecutor  : Initializing ExecutorService 'brokerChannelExecutor'
2023-10-12 10:55:37.836  INFO 8851 --- [main] o.w.s.a.Web3jAutoConfiguration           : Building service for endpoint: null
2023-10-12 10:55:37.919  INFO 8851 --- [main] d.s.w.p.DocumentationPluginsBootstrapper : Context refreshed
2023-10-12 10:55:37.931  INFO 8851 --- [main] d.s.w.p.DocumentationPluginsBootstrapper : Found 1 custom documentation plugin(s)
2023-10-12 10:55:37.957  INFO 8851 --- [main] s.d.s.w.s.ApiListingReferenceScanner     : Scanning for api listing references
2023-10-12 10:55:38.058  INFO 8851 --- [main] .d.s.w.r.o.CachingOperationNameGenerator : Generating unique operation named: addUsingPOST_1
2023-10-12 10:55:38.060  INFO 8851 --- [main] .d.s.w.r.o.CachingOperationNameGenerator : Generating unique operation named: detailUsingPOST_1
2023-10-12 10:55:38.067  INFO 8851 --- [main] .d.s.w.r.o.CachingOperationNameGenerator : Generating unique operation named: findAllUsingPOST_1
2023-10-12 10:55:38.070  INFO 8851 --- [main] .d.s.w.r.o.CachingOperationNameGenerator : Generating unique operation named: pageInfoUsingPOST_1
2023-10-12 10:55:38.073  INFO 8851 --- [main] .d.s.w.r.o.CachingOperationNameGenerator : Generating unique operation named: updateUsingPOST_1
2023-10-12 10:55:38.074  INFO 8851 --- [main] .d.s.w.r.o.CachingOperationNameGenerator : Generating unique operation named: userAddUsingPOST_1
2023-10-12 10:55:38.075  INFO 8851 --- [main] .d.s.w.r.o.CachingOperationNameGenerator : Generating unique operation named: userAddUsingPOST_2
2023-10-12 10:55:38.076  INFO 8851 --- [main] .d.s.w.r.o.CachingOperationNameGenerator : Generating unique operation named: userPageInfoUsingPOST_1
2023-10-12 10:55:38.077  INFO 8851 --- [main] .d.s.w.r.o.CachingOperationNameGenerator : Generating unique operation named: userPageInfoUsingPOST_2
2023-10-12 10:55:38.078  INFO 8851 --- [main] .d.s.w.r.o.CachingOperationNameGenerator : Generating unique operation named: userUpdateUsingPOST_1
2023-10-12 10:55:38.079  INFO 8851 --- [main] .d.s.w.r.o.CachingOperationNameGenerator : Generating unique operation named: userUpdateUsingPOST_2
2023-10-12 10:55:38.080  INFO 8851 --- [main] .d.s.w.r.o.CachingOperationNameGenerator : Generating unique operation named: pageInfoUsingPOST_2
2023-10-12 10:55:38.081  INFO 8851 --- [main] .d.s.w.r.o.CachingOperationNameGenerator : Generating unique operation named: updateUsingPOST_2
2023-10-12 10:55:38.104  INFO 8851 --- [main] .d.s.w.r.o.CachingOperationNameGenerator : Generating unique operation named: addUsingPOST_2
2023-10-12 10:55:38.106  INFO 8851 --- [main] .d.s.w.r.o.CachingOperationNameGenerator : Generating unique operation named: pageInfoUsingPOST_3
2023-10-12 10:55:38.106  INFO 8851 --- [main] .d.s.w.r.o.CachingOperationNameGenerator : Generating unique operation named: updateUsingPOST_3
2023-10-12 10:55:38.109  INFO 8851 --- [main] .d.s.w.r.o.CachingOperationNameGenerator : Generating unique operation named: addUsingPOST_3
2023-10-12 10:55:38.120  INFO 8851 --- [main] .d.s.w.r.o.CachingOperationNameGenerator : Generating unique operation named: findAllUsingPOST_2
2023-10-12 10:55:38.121  INFO 8851 --- [main] .d.s.w.r.o.CachingOperationNameGenerator : Generating unique operation named: pageInfoUsingPOST_4
2023-10-12 10:55:38.121  INFO 8851 --- [main] .d.s.w.r.o.CachingOperationNameGenerator : Generating unique operation named: updateUsingPOST_4
2023-10-12 10:55:38.126  INFO 8851 --- [main] .d.s.w.r.o.CachingOperationNameGenerator : Generating unique operation named: deletedUsingDELETE_1
2023-10-12 10:55:38.127  INFO 8851 --- [main] .d.s.w.r.o.CachingOperationNameGenerator : Generating unique operation named: detailInfoUsingGET_1
2023-10-12 10:55:38.135  INFO 8851 --- [main] .d.s.w.r.o.CachingOperationNameGenerator : Generating unique operation named: deletedUsingDELETE_2
2023-10-12 10:55:38.136  INFO 8851 --- [main] .d.s.w.r.o.CachingOperationNameGenerator : Generating unique operation named: detailInfoUsingGET_2
2023-10-12 10:55:38.137  INFO 8851 --- [main] .d.s.w.r.o.CachingOperationNameGenerator : Generating unique operation named: pageInfoUsingPOST_5
2023-10-12 10:55:38.138  INFO 8851 --- [main] .d.s.w.r.o.CachingOperationNameGenerator : Generating unique operation named: updateDeptUsingPUT_1
2023-10-12 10:55:38.141  INFO 8851 --- [main] .d.s.w.r.o.CachingOperationNameGenerator : Generating unique operation named: addUsingPOST_4
2023-10-12 10:55:38.151  INFO 8851 --- [main] .d.s.w.r.o.CachingOperationNameGenerator : Generating unique operation named: addUsingPOST_5
2023-10-12 10:55:38.156  INFO 8851 --- [main] .d.s.w.r.o.CachingOperationNameGenerator : Generating unique operation named: addUsingPOST_6
2023-10-12 10:55:38.157  INFO 8851 --- [main] .d.s.w.r.o.CachingOperationNameGenerator : Generating unique operation named: deleteUsingDELETE_1
2023-10-12 10:55:38.158  INFO 8851 --- [main] .d.s.w.r.o.CachingOperationNameGenerator : Generating unique operation named: findListByPageUsingPOST_1
2023-10-12 10:55:38.158  INFO 8851 --- [main] .d.s.w.r.o.CachingOperationNameGenerator : Generating unique operation named: updateUsingPUT_1
2023-10-12 10:55:38.160  INFO 8851 --- [main] .d.s.w.r.o.CachingOperationNameGenerator : Generating unique operation named: addUsingPOST_7
2023-10-12 10:55:38.160  INFO 8851 --- [main] .d.s.w.r.o.CachingOperationNameGenerator : Generating unique operation named: deleteUsingDELETE_2
2023-10-12 10:55:38.161  INFO 8851 --- [main] .d.s.w.r.o.CachingOperationNameGenerator : Generating unique operation named: findListByPageUsingPOST_2
2023-10-12 10:55:38.161  INFO 8851 --- [main] .d.s.w.r.o.CachingOperationNameGenerator : Generating unique operation named: updateUsingPUT_2
2023-10-12 10:55:38.162  INFO 8851 --- [main] .d.s.w.r.o.CachingOperationNameGenerator : Generating unique operation named: addUsingPOST_8
2023-10-12 10:55:38.163  INFO 8851 --- [main] .d.s.w.r.o.CachingOperationNameGenerator : Generating unique operation named: deleteUsingDELETE_3
2023-10-12 10:55:38.164  INFO 8851 --- [main] .d.s.w.r.o.CachingOperationNameGenerator : Generating unique operation named: findListByPageUsingPOST_3
2023-10-12 10:55:38.166  INFO 8851 --- [main] .d.s.w.r.o.CachingOperationNameGenerator : Generating unique operation named: findListByPageUsingPOST_4
2023-10-12 10:55:38.168  INFO 8851 --- [main] .d.s.w.r.o.CachingOperationNameGenerator : Generating unique operation named: addUsingPOST_9
2023-10-12 10:55:38.169  INFO 8851 --- [main] .d.s.w.r.o.CachingOperationNameGenerator : Generating unique operation named: deleteUsingDELETE_4
2023-10-12 10:55:38.170  INFO 8851 --- [main] .d.s.w.r.o.CachingOperationNameGenerator : Generating unique operation named: findListByPageUsingPOST_5
2023-10-12 10:55:38.172  INFO 8851 --- [main] .d.s.w.r.o.CachingOperationNameGenerator : Generating unique operation named: updateUsingPUT_3
2023-10-12 10:55:38.173  INFO 8851 --- [main] .d.s.w.r.o.CachingOperationNameGenerator : Generating unique operation named: deleteUsingDELETE_5
2023-10-12 10:55:38.175  INFO 8851 --- [main] .d.s.w.r.o.CachingOperationNameGenerator : Generating unique operation named: findListByPageUsingPOST_6
2023-10-12 10:55:38.175  INFO 8851 --- [main] .d.s.w.r.o.CachingOperationNameGenerator : Generating unique operation named: deletedUsingDELETE_3
2023-10-12 10:55:38.177  INFO 8851 --- [main] .d.s.w.r.o.CachingOperationNameGenerator : Generating unique operation named: pageInfoUsingPOST_6
2023-10-12 10:55:38.178  INFO 8851 --- [main] .d.s.w.r.o.CachingOperationNameGenerator : Generating unique operation named: systemInfoUsingGET_1
2023-10-12 10:55:38.182  INFO 8851 --- [main] .d.s.w.r.o.CachingOperationNameGenerator : Generating unique operation named: detailInfoUsingGET_3
2023-10-12 10:55:38.184  INFO 8851 --- [main] .d.s.w.r.o.CachingOperationNameGenerator : Generating unique operation named: logoutUsingGET_1
2023-10-12 10:55:38.185  INFO 8851 --- [main] .d.s.w.r.o.CachingOperationNameGenerator : Generating unique operation named: pageInfoUsingPOST_7
2023-10-12 10:55:38.193  INFO 8851 --- [main] .d.s.w.r.o.CachingOperationNameGenerator : Generating unique operation named: pageInfoUsingPOST_8
2023-10-12 10:55:38.196  INFO 8851 --- [main] .d.s.w.r.o.CachingOperationNameGenerator : Generating unique operation named: pageInfoUsingPOST_9
2023-10-12 10:55:38.200  INFO 8851 --- [main] .d.s.w.r.o.CachingOperationNameGenerator : Generating unique operation named: userPageInfoUsingPOST_3
2023-10-12 10:55:38.202  INFO 8851 --- [main] .d.s.w.r.o.CachingOperationNameGenerator : Generating unique operation named: userUpdateUsingPOST_3
2023-10-12 10:55:38.211  INFO 8851 --- [main] .d.s.w.r.o.CachingOperationNameGenerator : Generating unique operation named: addUsingPOST_10
2023-10-12 10:55:38.215  INFO 8851 --- [main] .d.s.w.r.o.CachingOperationNameGenerator : Generating unique operation named: detailUsingPOST_2
2023-10-12 10:55:38.223  INFO 8851 --- [main] .d.s.w.r.o.CachingOperationNameGenerator : Generating unique operation named: loginUsingPOST_1
2023-10-12 10:55:38.226  INFO 8851 --- [main] .d.s.w.r.o.CachingOperationNameGenerator : Generating unique operation named: pageInfoUsingPOST_10
2023-10-12 10:55:38.226  INFO 8851 --- [main] .d.s.w.r.o.CachingOperationNameGenerator : Generating unique operation named: pageInfoExportUsingPOST_1
2023-10-12 10:55:38.237  INFO 8851 --- [main] .d.s.w.r.o.CachingOperationNameGenerator : Generating unique operation named: updateUsingPOST_5
2023-10-12 10:55:38.239  INFO 8851 --- [main] .d.s.w.r.o.CachingOperationNameGenerator : Generating unique operation named: withdrawUsingPOST_1
2023-10-12 10:55:38.244  INFO 8851 --- [main] .d.s.w.r.o.CachingOperationNameGenerator : Generating unique operation named: addUsingPOST_11
2023-10-12 10:55:38.247  INFO 8851 --- [main] .d.s.w.r.o.CachingOperationNameGenerator : Generating unique operation named: pageInfoUsingPOST_11
2023-10-12 10:55:38.248  INFO 8851 --- [main] .d.s.w.r.o.CachingOperationNameGenerator : Generating unique operation named: pageInfoAdminUsingPOST_1
2023-10-12 10:55:38.251  INFO 8851 --- [main] .d.s.w.r.o.CachingOperationNameGenerator : Generating unique operation named: detailUsingPOST_3
2023-10-12 10:55:38.253  INFO 8851 --- [main] .d.s.w.r.o.CachingOperationNameGenerator : Generating unique operation named: findAllUsingPOST_3
2023-10-12 10:55:38.256  INFO 8851 --- [main] .d.s.w.r.o.CachingOperationNameGenerator : Generating unique operation named: userAddUsingPOST_3
2023-10-12 10:55:38.256  INFO 8851 --- [main] .d.s.w.r.o.CachingOperationNameGenerator : Generating unique operation named: userPageInfoUsingPOST_4
2023-10-12 10:55:38.257  INFO 8851 --- [main] .d.s.w.r.o.CachingOperationNameGenerator : Generating unique operation named: userUpdateUsingPOST_4
2023-10-12 10:55:38.259  INFO 8851 --- [main] .d.s.w.r.o.CachingOperationNameGenerator : Generating unique operation named: VersionUsingPOST_1
2023-10-12 10:55:38.259  INFO 8851 --- [main] .d.s.w.r.o.CachingOperationNameGenerator : Generating unique operation named: VersionAddUsingPOST_1
2023-10-12 10:55:38.260  INFO 8851 --- [main] .d.s.w.r.o.CachingOperationNameGenerator : Generating unique operation named: addUsingPOST_12
2023-10-12 10:55:38.260  INFO 8851 --- [main] .d.s.w.r.o.CachingOperationNameGenerator : Generating unique operation named: pageInfoUsingPOST_12
2023-10-12 10:55:38.262  INFO 8851 --- [main] .d.s.w.r.o.CachingOperationNameGenerator : Generating unique operation named: rechargePageInfoUsingPOST_1
2023-10-12 10:55:38.265  INFO 8851 --- [main] .d.s.w.r.o.CachingOperationNameGenerator : Generating unique operation named: addUsingPOST_13
2023-10-12 10:55:38.265  INFO 8851 --- [main] .d.s.w.r.o.CachingOperationNameGenerator : Generating unique operation named: pageInfoUsingPOST_13
2023-10-12 10:55:38.266  INFO 8851 --- [main] .d.s.w.r.o.CachingOperationNameGenerator : Generating unique operation named: pageInfoAdminUsingPOST_2
2023-10-12 10:55:38.266  INFO 8851 --- [main] .d.s.w.r.o.CachingOperationNameGenerator : Generating unique operation named: updateStatusNoPasssUsingGET_1
2023-10-12 10:55:38.267  INFO 8851 --- [main] .d.s.w.r.o.CachingOperationNameGenerator : Generating unique operation named: updateStatusPasssUsingGET_1
2023-10-12 10:55:38.267  INFO 8851 --- [main] .d.s.w.r.o.CachingOperationNameGenerator : Generating unique operation named: pageInfoUsingPOST_14
2023-10-12 10:55:38.276  INFO 8851 --- [main] o.s.m.s.b.SimpleBrokerMessageHandler     : Starting...
2023-10-12 10:55:38.276  INFO 8851 --- [main] o.s.m.s.b.SimpleBrokerMessageHandler     : BrokerAvailabilityEvent[available=true, SimpleBrokerMessageHandler [DefaultSubscriptionRegistry[cache[0 destination(s)], registry[0 sessions]]]]
2023-10-12 10:55:38.276  INFO 8851 --- [main] o.s.m.s.b.SimpleBrokerMessageHandler     : Started.
2023-10-12 10:55:38.276  INFO 8851 --- [main] o.s.s.quartz.SchedulerFactoryBean        : Starting Quartz Scheduler now
2023-10-12 10:55:38.276  INFO 8851 --- [main] org.quartz.core.QuartzScheduler          : Scheduler quartzScheduler_$_NON_CLUSTERED started.
2023-10-12 10:55:38.309  INFO 8851 --- [main] o.s.b.w.embedded.tomcat.TomcatWebServer  : Tomcat started on port(s): 17080 (http) with context path ''
2023-10-12 10:55:38.311  INFO 8851 --- [main] c.company.project.WalletDappApplication  : Started WalletDappApplication in 6.589 seconds (JVM running for 6.933)
2023-10-12 10:55:38.315  INFO 8851 --- [main] c.company.project.WalletDappApplication  : 
----------------------------------------------------------
	Application 'scaffolding_admin' is running! Access URLs:
	Login: 	http://192.168.1.5:17080/login
	Doc: 	http://192.168.1.5:17080/doc.html
----------------------------------------------------------
2023-10-12 10:55:46.822  INFO 8851 --- [Thread-18] o.s.m.s.b.SimpleBrokerMessageHandler     : Stopping...
2023-10-12 10:55:46.822  INFO 8851 --- [Thread-18] o.s.m.s.b.SimpleBrokerMessageHandler     : BrokerAvailabilityEvent[available=false, SimpleBrokerMessageHandler [DefaultSubscriptionRegistry[cache[0 destination(s)], registry[0 sessions]]]]
2023-10-12 10:55:46.822  INFO 8851 --- [Thread-18] o.s.m.s.b.SimpleBrokerMessageHandler     : Stopped.
2023-10-12 10:55:46.822  INFO 8851 --- [Thread-18] org.quartz.core.QuartzScheduler          : Scheduler quartzScheduler_$_NON_CLUSTERED paused.
2023-10-12 10:55:46.824  INFO 8851 --- [Thread-18] o.s.s.concurrent.ThreadPoolTaskExecutor  : Shutting down ExecutorService 'brokerChannelExecutor'
2023-10-12 10:55:46.824  INFO 8851 --- [Thread-18] o.s.s.c.ThreadPoolTaskScheduler          : Shutting down ExecutorService 'messageBrokerTaskScheduler'
2023-10-12 10:55:46.827  INFO 8851 --- [Thread-18] o.s.s.quartz.SchedulerFactoryBean        : Shutting down Quartz Scheduler
2023-10-12 10:55:46.827  INFO 8851 --- [Thread-18] org.quartz.core.QuartzScheduler          : Scheduler quartzScheduler_$_NON_CLUSTERED shutting down.
2023-10-12 10:55:46.827  INFO 8851 --- [Thread-18] org.quartz.core.QuartzScheduler          : Scheduler quartzScheduler_$_NON_CLUSTERED paused.
2023-10-12 10:55:46.828  INFO 8851 --- [Thread-18] org.quartz.core.QuartzScheduler          : Scheduler quartzScheduler_$_NON_CLUSTERED shutdown complete.
2023-10-12 10:55:46.855  INFO 8851 --- [Thread-18] o.s.s.concurrent.ThreadPoolTaskExecutor  : Shutting down ExecutorService 'clientOutboundChannelExecutor'
2023-10-12 10:55:46.855  INFO 8851 --- [Thread-18] o.s.s.concurrent.ThreadPoolTaskExecutor  : Shutting down ExecutorService 'clientInboundChannelExecutor'
2023-10-12 10:55:46.859  INFO 8851 --- [Thread-18] c.b.d.d.DynamicRoutingDataSource         : closing dynamicDatasource  ing....
2023-10-12 10:55:46.866  INFO 8851 --- [Thread-18] com.alibaba.druid.pool.DruidDataSource   : {dataSource-1} closed
2023-10-12 10:55:46.866  INFO 8851 --- [Thread-18] com.alibaba.druid.pool.DruidDataSource   : {dataSource-2} closed
2023-10-12 10:55:46.866  INFO 8851 --- [Thread-18] com.alibaba.druid.pool.DruidDataSource   : {dataSource-3} closed
